<?xml version="1.0" encoding="UTF-8"?>
<testsuite name="com.example.teamproject_advice.repository.PartnerRepositoryTest" tests="1" skipped="0" failures="0" errors="0" timestamp="2021-08-27T00:18:23" hostname="DESKTOP-PVFH6KS" time="0.3">
  <properties/>
  <testcase name="create()" classname="com.example.teamproject_advice.repository.PartnerRepositoryTest" time="0.3"/>
  <system-out><![CDATA[09:18:15.749 [Test worker] DEBUG org.springframework.test.context.BootstrapUtils - Instantiating CacheAwareContextLoaderDelegate from class [org.springframework.test.context.cache.DefaultCacheAwareContextLoaderDelegate]
09:18:15.782 [Test worker] DEBUG org.springframework.test.context.BootstrapUtils - Instantiating BootstrapContext using constructor [public org.springframework.test.context.support.DefaultBootstrapContext(java.lang.Class,org.springframework.test.context.CacheAwareContextLoaderDelegate)]
09:18:15.833 [Test worker] DEBUG org.springframework.test.context.BootstrapUtils - Instantiating TestContextBootstrapper for test class [com.example.teamproject_advice.repository.PartnerRepositoryTest] from class [org.springframework.boot.test.context.SpringBootTestContextBootstrapper]
09:18:15.849 [Test worker] INFO org.springframework.boot.test.context.SpringBootTestContextBootstrapper - Neither @ContextConfiguration nor @ContextHierarchy found for test class [com.example.teamproject_advice.repository.PartnerRepositoryTest], using SpringBootContextLoader
09:18:15.849 [Test worker] DEBUG org.springframework.test.context.support.AbstractContextLoader - Did not detect default resource location for test class [com.example.teamproject_advice.repository.PartnerRepositoryTest]: class path resource [com/example/teamproject_advice/repository/PartnerRepositoryTest-context.xml] does not exist
09:18:15.849 [Test worker] DEBUG org.springframework.test.context.support.AbstractContextLoader - Did not detect default resource location for test class [com.example.teamproject_advice.repository.PartnerRepositoryTest]: class path resource [com/example/teamproject_advice/repository/PartnerRepositoryTestContext.groovy] does not exist
09:18:15.849 [Test worker] INFO org.springframework.test.context.support.AbstractContextLoader - Could not detect default resource locations for test class [com.example.teamproject_advice.repository.PartnerRepositoryTest]: no resource found for suffixes {-context.xml, Context.groovy}.
09:18:15.856 [Test worker] INFO org.springframework.test.context.support.AnnotationConfigContextLoaderUtils - Could not detect default configuration classes for test class [com.example.teamproject_advice.repository.PartnerRepositoryTest]: PartnerRepositoryTest does not declare any static, non-private, non-final, nested classes annotated with @Configuration.
09:18:15.915 [Test worker] DEBUG org.springframework.test.context.support.ActiveProfilesUtils - Could not find an 'annotation declaring class' for annotation type [org.springframework.test.context.ActiveProfiles] and class [com.example.teamproject_advice.repository.PartnerRepositoryTest]
09:18:16.041 [Test worker] DEBUG org.springframework.context.annotation.ClassPathScanningCandidateComponentProvider - Identified candidate component class: file [C:\Users\LG\Desktop\TeamProject_advice\TeamProject_advice\TeamProject_advice\build\classes\java\main\com\example\teamproject_advice\TeamProjectAdviceApplication.class]
09:18:16.058 [Test worker] INFO org.springframework.boot.test.context.SpringBootTestContextBootstrapper - Found @SpringBootConfiguration com.example.teamproject_advice.TeamProjectAdviceApplication for test class com.example.teamproject_advice.repository.PartnerRepositoryTest
09:18:16.241 [Test worker] DEBUG org.springframework.boot.test.context.SpringBootTestContextBootstrapper - @TestExecutionListeners is not present for class [com.example.teamproject_advice.repository.PartnerRepositoryTest]: using defaults.
09:18:16.242 [Test worker] INFO org.springframework.boot.test.context.SpringBootTestContextBootstrapper - Loaded default TestExecutionListener class names from location [META-INF/spring.factories]: [org.springframework.boot.test.autoconfigure.restdocs.RestDocsTestExecutionListener, org.springframework.boot.test.autoconfigure.web.client.MockRestServiceServerResetTestExecutionListener, org.springframework.boot.test.autoconfigure.web.servlet.MockMvcPrintOnlyOnFailureTestExecutionListener, org.springframework.boot.test.autoconfigure.web.servlet.WebDriverTestExecutionListener, org.springframework.boot.test.autoconfigure.webservices.client.MockWebServiceServerTestExecutionListener, org.springframework.boot.test.mock.mockito.MockitoTestExecutionListener, org.springframework.boot.test.mock.mockito.ResetMocksTestExecutionListener, org.springframework.test.context.web.ServletTestExecutionListener, org.springframework.test.context.support.DirtiesContextBeforeModesTestExecutionListener, org.springframework.test.context.event.ApplicationEventsTestExecutionListener, org.springframework.test.context.support.DependencyInjectionTestExecutionListener, org.springframework.test.context.support.DirtiesContextTestExecutionListener, org.springframework.test.context.transaction.TransactionalTestExecutionListener, org.springframework.test.context.jdbc.SqlScriptsTestExecutionListener, org.springframework.test.context.event.EventPublishingTestExecutionListener]
09:18:16.287 [Test worker] INFO org.springframework.boot.test.context.SpringBootTestContextBootstrapper - Using TestExecutionListeners: [org.springframework.test.context.web.ServletTestExecutionListener@43c90817, org.springframework.test.context.support.DirtiesContextBeforeModesTestExecutionListener@6914c3c6, org.springframework.test.context.event.ApplicationEventsTestExecutionListener@2c33c519, org.springframework.boot.test.mock.mockito.MockitoTestExecutionListener@29039dee, org.springframework.boot.test.autoconfigure.SpringBootDependencyInjectionTestExecutionListener@2201b169, org.springframework.test.context.support.DirtiesContextTestExecutionListener@6d444c1c, org.springframework.test.context.transaction.TransactionalTestExecutionListener@5fed57a0, org.springframework.test.context.jdbc.SqlScriptsTestExecutionListener@6ab44d5e, org.springframework.test.context.event.EventPublishingTestExecutionListener@45113398, org.springframework.boot.test.autoconfigure.restdocs.RestDocsTestExecutionListener@a7ab38a, org.springframework.boot.test.autoconfigure.web.client.MockRestServiceServerResetTestExecutionListener@3f9fb532, org.springframework.boot.test.autoconfigure.web.servlet.MockMvcPrintOnlyOnFailureTestExecutionListener@7789c122, org.springframework.boot.test.autoconfigure.web.servlet.WebDriverTestExecutionListener@3bc8b1b8, org.springframework.boot.test.autoconfigure.webservices.client.MockWebServiceServerTestExecutionListener@64f1a3a8, org.springframework.boot.test.mock.mockito.ResetMocksTestExecutionListener@2685bc21]
09:18:16.292 [Test worker] DEBUG org.springframework.test.context.support.AbstractDirtiesContextTestExecutionListener - Before test class: context [DefaultTestContext@2ce5dcee testClass = PartnerRepositoryTest, testInstance = [null], testMethod = [null], testException = [null], mergedContextConfiguration = [WebMergedContextConfiguration@37631f0d testClass = PartnerRepositoryTest, locations = '{}', classes = '{class com.example.teamproject_advice.TeamProjectAdviceApplication}', contextInitializerClasses = '[]', activeProfiles = '{}', propertySourceLocations = '{}', propertySourceProperties = '{org.springframework.boot.test.context.SpringBootTestContextBootstrapper=true}', contextCustomizers = set[org.springframework.boot.test.autoconfigure.actuate.metrics.MetricsExportContextCustomizerFactory$DisableMetricExportContextCustomizer@49c8d89d, org.springframework.boot.test.autoconfigure.properties.PropertyMappingContextCustomizer@0, org.springframework.boot.test.autoconfigure.web.servlet.WebDriverContextCustomizerFactory$Customizer@43f98f86, org.springframework.boot.test.context.filter.ExcludeFilterContextCustomizer@f3ec297, org.springframework.boot.test.json.DuplicateJsonObjectContextCustomizerFactory$DuplicateJsonObjectContextCustomizer@cd9f59e, org.springframework.boot.test.mock.mockito.MockitoContextCustomizer@0, org.springframework.boot.test.web.client.TestRestTemplateContextCustomizer@4f26d3d3, org.springframework.boot.test.context.SpringBootTestArgs@1, org.springframework.boot.test.context.SpringBootTestWebEnvironment@70266719], resourceBasePath = 'src/main/webapp', contextLoader = 'org.springframework.boot.test.context.SpringBootContextLoader', parent = [null]], attributes = map['org.springframework.test.context.web.ServletTestExecutionListener.activateListener' -> true]], class annotated with @DirtiesContext [false] with mode [null].
09:18:16.353 [Test worker] DEBUG org.springframework.test.context.support.TestPropertySourceUtils - Adding inlined properties to environment: {spring.jmx.enabled=false, org.springframework.boot.test.context.SpringBootTestContextBootstrapper=true}

  .   ____          _            __ _ _
 /\\ / ___'_ __ _ _(_)_ __  __ _ \ \ \ \
( ( )\___ | '_ | '_| | '_ \/ _` | \ \ \ \
 \\/  ___)| |_)| | | | | || (_| |  ) ) ) )
  '  |____| .__|_| |_|_| |_\__, | / / / /
 =========|_|==============|___/=/_/_/_/
 :: Spring Boot ::                (v2.5.3)

2021-08-27 09:18:16.852  INFO 13532 --- [    Test worker] c.e.t.repository.PartnerRepositoryTest   : Starting PartnerRepositoryTest using Java 1.8.0_291 on DESKTOP-PVFH6KS with PID 13532 (started by LG in C:\Users\LG\Desktop\TeamProject_advice\TeamProject_advice\TeamProject_advice)
2021-08-27 09:18:16.868  INFO 13532 --- [    Test worker] c.e.t.repository.PartnerRepositoryTest   : No active profile set, falling back to default profiles: default
2021-08-27 09:18:17.919  INFO 13532 --- [    Test worker] .s.d.r.c.RepositoryConfigurationDelegate : Bootstrapping Spring Data JPA repositories in DEFAULT mode.
2021-08-27 09:18:18.075  INFO 13532 --- [    Test worker] .s.d.r.c.RepositoryConfigurationDelegate : Finished Spring Data repository scanning in 140 ms. Found 7 JPA repository interfaces.
2021-08-27 09:18:19.018  INFO 13532 --- [    Test worker] com.zaxxer.hikari.HikariDataSource       : HikariPool-1 - Starting...
2021-08-27 09:18:19.413  INFO 13532 --- [    Test worker] com.zaxxer.hikari.HikariDataSource       : HikariPool-1 - Start completed.
2021-08-27 09:18:19.519  INFO 13532 --- [    Test worker] o.hibernate.jpa.internal.util.LogHelper  : HHH000204: Processing PersistenceUnitInfo [name: default]
2021-08-27 09:18:19.636  INFO 13532 --- [    Test worker] org.hibernate.Version                    : HHH000412: Hibernate ORM core version 5.4.32.Final
2021-08-27 09:18:19.868  INFO 13532 --- [    Test worker] o.hibernate.annotations.common.Version   : HCANN000001: Hibernate Commons Annotations {5.1.2.Final}
2021-08-27 09:18:20.086  INFO 13532 --- [    Test worker] org.hibernate.dialect.Dialect            : HHH000400: Using dialect: org.hibernate.dialect.MySQL8Dialect
2021-08-27 09:18:21.318  INFO 13532 --- [    Test worker] o.h.e.t.j.p.i.JtaPlatformInitiator       : HHH000490: Using JtaPlatform implementation: [org.hibernate.engine.transaction.jta.platform.internal.NoJtaPlatform]
2021-08-27 09:18:21.318  INFO 13532 --- [    Test worker] j.LocalContainerEntityManagerFactoryBean : Initialized JPA EntityManagerFactory for persistence unit 'default'
2021-08-27 09:18:21.777  WARN 13532 --- [    Test worker] JpaBaseConfiguration$JpaWebConfiguration : spring.jpa.open-in-view is enabled by default. Therefore, database queries may be performed during view rendering. Explicitly configure spring.jpa.open-in-view to disable this warning
2021-08-27 09:18:23.487  INFO 13532 --- [    Test worker] c.e.t.repository.PartnerRepositoryTest   : Started PartnerRepositoryTest in 7.134 seconds (JVM running for 9.472)
Hibernate: select partner0_.id as id1_4_0_, partner0_.address as address2_4_0_, partner0_.business_number as business3_4_0_, partner0_.call_center as call_cen4_4_0_, partner0_.category_id as category5_4_0_, partner0_.ceo_name as ceo_name6_4_0_, partner0_.created_at as created_7_4_0_, partner0_.created_by as created_8_4_0_, partner0_.name as name9_4_0_, partner0_.partner_number as partner10_4_0_, partner0_.registered_at as registe11_4_0_, partner0_.status as status12_4_0_, partner0_.unregistered_at as unregis13_4_0_, partner0_.updated_at as updated14_4_0_, partner0_.updated_by as updated15_4_0_ from partner partner0_ where partner0_.id=?
Hibernate: insert into partner (address, business_number, call_center, category_id, ceo_name, created_at, created_by, name, partner_number, registered_at, status, unregistered_at, updated_at, updated_by) values (?, ?, ?, ?, ?, ?, ?, ?, ?, ?, ?, ?, ?, ?)
Partner(id=1, name=JYB, status=ready, address=대전 용문, call_center=010-1234-5678, partner_number=010-1111-1111, business_number=1234567891011121, ceo_name=배쥬용, registered_at=2021-08-27T09:18:23.642, unregistered_at=null, created_at=2021-08-27T09:18:23.642, created_by=admin01, updated_at=null, updated_by=null, category_id=1)
]]></system-out>
  <system-err><![CDATA[]]></system-err>
</testsuite>
