<?xml version="1.0" encoding="UTF-8"?>
<testsuite name="com.example.teamproject_advice.repository.RoleRepositoryTest" tests="1" skipped="0" failures="0" errors="0" timestamp="2021-09-12T17:51:13" hostname="donggeon-kim-ui-MacBookAir.local" time="0.478">
  <properties/>
  <testcase name="read()" classname="com.example.teamproject_advice.repository.RoleRepositoryTest" time="0.478"/>
  <system-out><![CDATA[02:51:04.538 [Test worker] DEBUG org.springframework.test.context.BootstrapUtils - Instantiating CacheAwareContextLoaderDelegate from class [org.springframework.test.context.cache.DefaultCacheAwareContextLoaderDelegate]
02:51:04.547 [Test worker] DEBUG org.springframework.test.context.BootstrapUtils - Instantiating BootstrapContext using constructor [public org.springframework.test.context.support.DefaultBootstrapContext(java.lang.Class,org.springframework.test.context.CacheAwareContextLoaderDelegate)]
02:51:04.590 [Test worker] DEBUG org.springframework.test.context.BootstrapUtils - Instantiating TestContextBootstrapper for test class [com.example.teamproject_advice.repository.RoleRepositoryTest] from class [org.springframework.boot.test.context.SpringBootTestContextBootstrapper]
02:51:04.603 [Test worker] INFO org.springframework.boot.test.context.SpringBootTestContextBootstrapper - Neither @ContextConfiguration nor @ContextHierarchy found for test class [com.example.teamproject_advice.repository.RoleRepositoryTest], using SpringBootContextLoader
02:51:04.607 [Test worker] DEBUG org.springframework.test.context.support.AbstractContextLoader - Did not detect default resource location for test class [com.example.teamproject_advice.repository.RoleRepositoryTest]: class path resource [com/example/teamproject_advice/repository/RoleRepositoryTest-context.xml] does not exist
02:51:04.608 [Test worker] DEBUG org.springframework.test.context.support.AbstractContextLoader - Did not detect default resource location for test class [com.example.teamproject_advice.repository.RoleRepositoryTest]: class path resource [com/example/teamproject_advice/repository/RoleRepositoryTestContext.groovy] does not exist
02:51:04.609 [Test worker] INFO org.springframework.test.context.support.AbstractContextLoader - Could not detect default resource locations for test class [com.example.teamproject_advice.repository.RoleRepositoryTest]: no resource found for suffixes {-context.xml, Context.groovy}.
02:51:04.611 [Test worker] INFO org.springframework.test.context.support.AnnotationConfigContextLoaderUtils - Could not detect default configuration classes for test class [com.example.teamproject_advice.repository.RoleRepositoryTest]: RoleRepositoryTest does not declare any static, non-private, non-final, nested classes annotated with @Configuration.
02:51:04.679 [Test worker] DEBUG org.springframework.test.context.support.ActiveProfilesUtils - Could not find an 'annotation declaring class' for annotation type [org.springframework.test.context.ActiveProfiles] and class [com.example.teamproject_advice.repository.RoleRepositoryTest]
02:51:04.794 [Test worker] DEBUG org.springframework.context.annotation.ClassPathScanningCandidateComponentProvider - Identified candidate component class: file [/Users/DongGeon_KIm/my/teamProject_advice/TeamProject_advice/build/classes/java/main/com/example/teamproject_advice/TeamProjectAdviceApplication.class]
02:51:04.797 [Test worker] INFO org.springframework.boot.test.context.SpringBootTestContextBootstrapper - Found @SpringBootConfiguration com.example.teamproject_advice.TeamProjectAdviceApplication for test class com.example.teamproject_advice.repository.RoleRepositoryTest
02:51:04.906 [Test worker] DEBUG org.springframework.boot.test.context.SpringBootTestContextBootstrapper - @TestExecutionListeners is not present for class [com.example.teamproject_advice.repository.RoleRepositoryTest]: using defaults.
02:51:04.907 [Test worker] INFO org.springframework.boot.test.context.SpringBootTestContextBootstrapper - Loaded default TestExecutionListener class names from location [META-INF/spring.factories]: [org.springframework.security.test.context.support.WithSecurityContextTestExecutionListener, org.springframework.security.test.context.support.ReactorContextTestExecutionListener, org.springframework.boot.test.autoconfigure.restdocs.RestDocsTestExecutionListener, org.springframework.boot.test.autoconfigure.web.client.MockRestServiceServerResetTestExecutionListener, org.springframework.boot.test.autoconfigure.web.servlet.MockMvcPrintOnlyOnFailureTestExecutionListener, org.springframework.boot.test.autoconfigure.web.servlet.WebDriverTestExecutionListener, org.springframework.boot.test.autoconfigure.webservices.client.MockWebServiceServerTestExecutionListener, org.springframework.boot.test.mock.mockito.MockitoTestExecutionListener, org.springframework.boot.test.mock.mockito.ResetMocksTestExecutionListener, org.springframework.test.context.web.ServletTestExecutionListener, org.springframework.test.context.support.DirtiesContextBeforeModesTestExecutionListener, org.springframework.test.context.event.ApplicationEventsTestExecutionListener, org.springframework.test.context.support.DependencyInjectionTestExecutionListener, org.springframework.test.context.support.DirtiesContextTestExecutionListener, org.springframework.test.context.transaction.TransactionalTestExecutionListener, org.springframework.test.context.jdbc.SqlScriptsTestExecutionListener, org.springframework.test.context.event.EventPublishingTestExecutionListener]
02:51:04.923 [Test worker] INFO org.springframework.boot.test.context.SpringBootTestContextBootstrapper - Using TestExecutionListeners: [org.springframework.test.context.web.ServletTestExecutionListener@52f8ace1, org.springframework.test.context.support.DirtiesContextBeforeModesTestExecutionListener@6d34b283, org.springframework.test.context.event.ApplicationEventsTestExecutionListener@39d7d4aa, org.springframework.boot.test.mock.mockito.MockitoTestExecutionListener@4add3731, org.springframework.boot.test.autoconfigure.SpringBootDependencyInjectionTestExecutionListener@5d55052f, org.springframework.test.context.support.DirtiesContextTestExecutionListener@153d04ac, org.springframework.test.context.transaction.TransactionalTestExecutionListener@12c8e025, org.springframework.test.context.jdbc.SqlScriptsTestExecutionListener@310f39f2, org.springframework.security.test.context.support.WithSecurityContextTestExecutionListener@44862e81, org.springframework.test.context.event.EventPublishingTestExecutionListener@39e35ad9, org.springframework.security.test.context.support.ReactorContextTestExecutionListener@6c7f5c08, org.springframework.boot.test.autoconfigure.restdocs.RestDocsTestExecutionListener@247738dc, org.springframework.boot.test.autoconfigure.web.client.MockRestServiceServerResetTestExecutionListener@51f0f8f5, org.springframework.boot.test.autoconfigure.web.servlet.MockMvcPrintOnlyOnFailureTestExecutionListener@72e64580, org.springframework.boot.test.autoconfigure.web.servlet.WebDriverTestExecutionListener@64efd8c8, org.springframework.boot.test.autoconfigure.webservices.client.MockWebServiceServerTestExecutionListener@7943bd51, org.springframework.boot.test.mock.mockito.ResetMocksTestExecutionListener@2f22d5dc]
02:51:04.926 [Test worker] DEBUG org.springframework.test.context.support.AbstractDirtiesContextTestExecutionListener - Before test class: context [DefaultTestContext@69f18a6a testClass = RoleRepositoryTest, testInstance = [null], testMethod = [null], testException = [null], mergedContextConfiguration = [WebMergedContextConfiguration@bf97c97 testClass = RoleRepositoryTest, locations = '{}', classes = '{class com.example.teamproject_advice.TeamProjectAdviceApplication}', contextInitializerClasses = '[]', activeProfiles = '{}', propertySourceLocations = '{}', propertySourceProperties = '{org.springframework.boot.test.context.SpringBootTestContextBootstrapper=true}', contextCustomizers = set[org.springframework.boot.test.autoconfigure.actuate.metrics.MetricsExportContextCustomizerFactory$DisableMetricExportContextCustomizer@246eade4, org.springframework.boot.test.autoconfigure.properties.PropertyMappingContextCustomizer@0, org.springframework.boot.test.autoconfigure.web.servlet.WebDriverContextCustomizerFactory$Customizer@6a6a2efa, org.springframework.boot.test.context.filter.ExcludeFilterContextCustomizer@3a8811dc, org.springframework.boot.test.json.DuplicateJsonObjectContextCustomizerFactory$DuplicateJsonObjectContextCustomizer@34cb0e90, org.springframework.boot.test.mock.mockito.MockitoContextCustomizer@0, org.springframework.boot.test.web.client.TestRestTemplateContextCustomizer@7ec78e49, org.springframework.boot.test.context.SpringBootTestArgs@1, org.springframework.boot.test.context.SpringBootTestWebEnvironment@23853178], resourceBasePath = 'src/main/webapp', contextLoader = 'org.springframework.boot.test.context.SpringBootContextLoader', parent = [null]], attributes = map['org.springframework.test.context.web.ServletTestExecutionListener.activateListener' -> true]], class annotated with @DirtiesContext [false] with mode [null].
02:51:04.970 [Test worker] DEBUG org.springframework.test.context.support.TestPropertySourceUtils - Adding inlined properties to environment: {spring.jmx.enabled=false, org.springframework.boot.test.context.SpringBootTestContextBootstrapper=true}

  .   ____          _            __ _ _
 /\\ / ___'_ __ _ _(_)_ __  __ _ \ \ \ \
( ( )\___ | '_ | '_| | '_ \/ _` | \ \ \ \
 \\/  ___)| |_)| | | | | || (_| |  ) ) ) )
  '  |____| .__|_| |_|_| |_\__, | / / / /
 =========|_|==============|___/=/_/_/_/
 :: Spring Boot ::                (v2.5.3)

2021-09-13 02:51:05.391  INFO 48213 --- [    Test worker] c.e.t.repository.RoleRepositoryTest      : Starting RoleRepositoryTest using Java 16.0.1 on donggeon-kim-ui-MacBookAir.local with PID 48213 (started by DongGeon_kim in /Users/DongGeon_KIm/my/teamProject_advice/TeamProject_advice)
2021-09-13 02:51:05.396  INFO 48213 --- [    Test worker] c.e.t.repository.RoleRepositoryTest      : No active profile set, falling back to default profiles: default
2021-09-13 02:51:06.993  INFO 48213 --- [    Test worker] .s.d.r.c.RepositoryConfigurationDelegate : Bootstrapping Spring Data JPA repositories in DEFAULT mode.
2021-09-13 02:51:07.153  INFO 48213 --- [    Test worker] .s.d.r.c.RepositoryConfigurationDelegate : Finished Spring Data repository scanning in 149 ms. Found 11 JPA repository interfaces.
2021-09-13 02:51:08.164  INFO 48213 --- [    Test worker] com.zaxxer.hikari.HikariDataSource       : HikariPool-1 - Starting...
2021-09-13 02:51:08.326  INFO 48213 --- [    Test worker] com.zaxxer.hikari.HikariDataSource       : HikariPool-1 - Start completed.
2021-09-13 02:51:08.493  INFO 48213 --- [    Test worker] o.hibernate.jpa.internal.util.LogHelper  : HHH000204: Processing PersistenceUnitInfo [name: default]
2021-09-13 02:51:08.574  INFO 48213 --- [    Test worker] org.hibernate.Version                    : HHH000412: Hibernate ORM core version 5.4.32.Final
2021-09-13 02:51:08.722  INFO 48213 --- [    Test worker] o.hibernate.annotations.common.Version   : HCANN000001: Hibernate Commons Annotations {5.1.2.Final}
2021-09-13 02:51:08.842  INFO 48213 --- [    Test worker] org.hibernate.dialect.Dialect            : HHH000400: Using dialect: org.hibernate.dialect.MySQL8Dialect
2021-09-13 02:51:10.142  INFO 48213 --- [    Test worker] o.h.e.t.j.p.i.JtaPlatformInitiator       : HHH000490: Using JtaPlatform implementation: [org.hibernate.engine.transaction.jta.platform.internal.NoJtaPlatform]
2021-09-13 02:51:10.159  INFO 48213 --- [    Test worker] j.LocalContainerEntityManagerFactoryBean : Initialized JPA EntityManagerFactory for persistence unit 'default'
2021-09-13 02:51:10.394  WARN 48213 --- [    Test worker] JpaBaseConfiguration$JpaWebConfiguration : spring.jpa.open-in-view is enabled by default. Therefore, database queries may be performed during view rendering. Explicitly configure spring.jpa.open-in-view to disable this warning
2021-09-13 02:51:11.750  INFO 48213 --- [    Test worker] o.s.s.web.DefaultSecurityFilterChain     : Will secure any request with [org.springframework.security.web.context.request.async.WebAsyncManagerIntegrationFilter@7e9310a9, org.springframework.security.web.context.SecurityContextPersistenceFilter@196347c1, org.springframework.security.web.header.HeaderWriterFilter@46ee62af, org.springframework.security.web.csrf.CsrfFilter@7c133f09, org.springframework.security.web.authentication.logout.LogoutFilter@7ffe69de, org.springframework.security.web.authentication.UsernamePasswordAuthenticationFilter@10a2af18, org.springframework.security.web.savedrequest.RequestCacheAwareFilter@6190f1ae, org.springframework.security.web.servletapi.SecurityContextHolderAwareRequestFilter@5041ad21, org.springframework.security.web.authentication.AnonymousAuthenticationFilter@3f6f092b, org.springframework.security.web.session.SessionManagementFilter@5ff04288, org.springframework.security.web.access.ExceptionTranslationFilter@241eec5f, org.springframework.security.web.access.intercept.FilterSecurityInterceptor@5fb0e50d]
2021-09-13 02:51:13.312  INFO 48213 --- [    Test worker] c.e.t.repository.RoleRepositoryTest      : Started RoleRepositoryTest in 8.332 seconds (JVM running for 9.94)
Hibernate: select role0_.id as id1_7_, role0_.name as name2_7_ from role role0_
Role(id=1, name=ROLE_USER)
]]></system-out>
  <system-err><![CDATA[]]></system-err>
</testsuite>
