<?xml version="1.0" encoding="UTF-8"?>
<testsuite name="com.example.teamproject_advice.repository.BoardRepositoryTest" tests="1" skipped="0" failures="0" errors="0" timestamp="2021-09-01T03:35:06" hostname="donggeon-kim-ui-MacBookAir.local" time="0.383">
  <properties/>
  <testcase name="read()" classname="com.example.teamproject_advice.repository.BoardRepositoryTest" time="0.383"/>
  <system-out><![CDATA[12:34:57.727 [Test worker] DEBUG org.springframework.test.context.BootstrapUtils - Instantiating CacheAwareContextLoaderDelegate from class [org.springframework.test.context.cache.DefaultCacheAwareContextLoaderDelegate]
12:34:57.736 [Test worker] DEBUG org.springframework.test.context.BootstrapUtils - Instantiating BootstrapContext using constructor [public org.springframework.test.context.support.DefaultBootstrapContext(java.lang.Class,org.springframework.test.context.CacheAwareContextLoaderDelegate)]
12:34:57.782 [Test worker] DEBUG org.springframework.test.context.BootstrapUtils - Instantiating TestContextBootstrapper for test class [com.example.teamproject_advice.repository.BoardRepositoryTest] from class [org.springframework.boot.test.context.SpringBootTestContextBootstrapper]
12:34:57.796 [Test worker] INFO org.springframework.boot.test.context.SpringBootTestContextBootstrapper - Neither @ContextConfiguration nor @ContextHierarchy found for test class [com.example.teamproject_advice.repository.BoardRepositoryTest], using SpringBootContextLoader
12:34:57.801 [Test worker] DEBUG org.springframework.test.context.support.AbstractContextLoader - Did not detect default resource location for test class [com.example.teamproject_advice.repository.BoardRepositoryTest]: class path resource [com/example/teamproject_advice/repository/BoardRepositoryTest-context.xml] does not exist
12:34:57.802 [Test worker] DEBUG org.springframework.test.context.support.AbstractContextLoader - Did not detect default resource location for test class [com.example.teamproject_advice.repository.BoardRepositoryTest]: class path resource [com/example/teamproject_advice/repository/BoardRepositoryTestContext.groovy] does not exist
12:34:57.802 [Test worker] INFO org.springframework.test.context.support.AbstractContextLoader - Could not detect default resource locations for test class [com.example.teamproject_advice.repository.BoardRepositoryTest]: no resource found for suffixes {-context.xml, Context.groovy}.
12:34:57.803 [Test worker] INFO org.springframework.test.context.support.AnnotationConfigContextLoaderUtils - Could not detect default configuration classes for test class [com.example.teamproject_advice.repository.BoardRepositoryTest]: BoardRepositoryTest does not declare any static, non-private, non-final, nested classes annotated with @Configuration.
12:34:57.878 [Test worker] DEBUG org.springframework.test.context.support.ActiveProfilesUtils - Could not find an 'annotation declaring class' for annotation type [org.springframework.test.context.ActiveProfiles] and class [com.example.teamproject_advice.repository.BoardRepositoryTest]
12:34:57.965 [Test worker] DEBUG org.springframework.context.annotation.ClassPathScanningCandidateComponentProvider - Identified candidate component class: file [/Users/DongGeon_KIm/my/teamProject_advice/TeamProject_advice/build/classes/java/main/com/example/teamproject_advice/TeamProjectAdviceApplication.class]
12:34:57.967 [Test worker] INFO org.springframework.boot.test.context.SpringBootTestContextBootstrapper - Found @SpringBootConfiguration com.example.teamproject_advice.TeamProjectAdviceApplication for test class com.example.teamproject_advice.repository.BoardRepositoryTest
12:34:58.090 [Test worker] DEBUG org.springframework.boot.test.context.SpringBootTestContextBootstrapper - @TestExecutionListeners is not present for class [com.example.teamproject_advice.repository.BoardRepositoryTest]: using defaults.
12:34:58.091 [Test worker] INFO org.springframework.boot.test.context.SpringBootTestContextBootstrapper - Loaded default TestExecutionListener class names from location [META-INF/spring.factories]: [org.springframework.boot.test.autoconfigure.restdocs.RestDocsTestExecutionListener, org.springframework.boot.test.autoconfigure.web.client.MockRestServiceServerResetTestExecutionListener, org.springframework.boot.test.autoconfigure.web.servlet.MockMvcPrintOnlyOnFailureTestExecutionListener, org.springframework.boot.test.autoconfigure.web.servlet.WebDriverTestExecutionListener, org.springframework.boot.test.autoconfigure.webservices.client.MockWebServiceServerTestExecutionListener, org.springframework.boot.test.mock.mockito.MockitoTestExecutionListener, org.springframework.boot.test.mock.mockito.ResetMocksTestExecutionListener, org.springframework.test.context.web.ServletTestExecutionListener, org.springframework.test.context.support.DirtiesContextBeforeModesTestExecutionListener, org.springframework.test.context.event.ApplicationEventsTestExecutionListener, org.springframework.test.context.support.DependencyInjectionTestExecutionListener, org.springframework.test.context.support.DirtiesContextTestExecutionListener, org.springframework.test.context.transaction.TransactionalTestExecutionListener, org.springframework.test.context.jdbc.SqlScriptsTestExecutionListener, org.springframework.test.context.event.EventPublishingTestExecutionListener]
12:34:58.105 [Test worker] INFO org.springframework.boot.test.context.SpringBootTestContextBootstrapper - Using TestExecutionListeners: [org.springframework.test.context.web.ServletTestExecutionListener@7a8f8ad6, org.springframework.test.context.support.DirtiesContextBeforeModesTestExecutionListener@785ea316, org.springframework.test.context.event.ApplicationEventsTestExecutionListener@328fce43, org.springframework.boot.test.mock.mockito.MockitoTestExecutionListener@d76887a, org.springframework.boot.test.autoconfigure.SpringBootDependencyInjectionTestExecutionListener@b296a38, org.springframework.test.context.support.DirtiesContextTestExecutionListener@6e22e58, org.springframework.test.context.transaction.TransactionalTestExecutionListener@4a530511, org.springframework.test.context.jdbc.SqlScriptsTestExecutionListener@73df6179, org.springframework.test.context.event.EventPublishingTestExecutionListener@3367ad90, org.springframework.boot.test.autoconfigure.restdocs.RestDocsTestExecutionListener@24e0d54a, org.springframework.boot.test.autoconfigure.web.client.MockRestServiceServerResetTestExecutionListener@7649274a, org.springframework.boot.test.autoconfigure.web.servlet.MockMvcPrintOnlyOnFailureTestExecutionListener@7e954453, org.springframework.boot.test.autoconfigure.web.servlet.WebDriverTestExecutionListener@70907d3c, org.springframework.boot.test.autoconfigure.webservices.client.MockWebServiceServerTestExecutionListener@52f8ace1, org.springframework.boot.test.mock.mockito.ResetMocksTestExecutionListener@6d34b283]
12:34:58.110 [Test worker] DEBUG org.springframework.test.context.support.AbstractDirtiesContextTestExecutionListener - Before test class: context [DefaultTestContext@134f422b testClass = BoardRepositoryTest, testInstance = [null], testMethod = [null], testException = [null], mergedContextConfiguration = [WebMergedContextConfiguration@425cbb86 testClass = BoardRepositoryTest, locations = '{}', classes = '{class com.example.teamproject_advice.TeamProjectAdviceApplication}', contextInitializerClasses = '[]', activeProfiles = '{}', propertySourceLocations = '{}', propertySourceProperties = '{org.springframework.boot.test.context.SpringBootTestContextBootstrapper=true}', contextCustomizers = set[org.springframework.boot.test.autoconfigure.actuate.metrics.MetricsExportContextCustomizerFactory$DisableMetricExportContextCustomizer@1dc7cd64, org.springframework.boot.test.autoconfigure.properties.PropertyMappingContextCustomizer@0, org.springframework.boot.test.autoconfigure.web.servlet.WebDriverContextCustomizerFactory$Customizer@6d4efcb2, org.springframework.boot.test.context.filter.ExcludeFilterContextCustomizer@26127ffc, org.springframework.boot.test.json.DuplicateJsonObjectContextCustomizerFactory$DuplicateJsonObjectContextCustomizer@43667256, org.springframework.boot.test.mock.mockito.MockitoContextCustomizer@0, org.springframework.boot.test.web.client.TestRestTemplateContextCustomizer@161d9e9c, org.springframework.boot.test.context.SpringBootTestArgs@1, org.springframework.boot.test.context.SpringBootTestWebEnvironment@1b1fde9], resourceBasePath = 'src/main/webapp', contextLoader = 'org.springframework.boot.test.context.SpringBootContextLoader', parent = [null]], attributes = map['org.springframework.test.context.web.ServletTestExecutionListener.activateListener' -> true]], class annotated with @DirtiesContext [false] with mode [null].
12:34:58.161 [Test worker] DEBUG org.springframework.test.context.support.TestPropertySourceUtils - Adding inlined properties to environment: {spring.jmx.enabled=false, org.springframework.boot.test.context.SpringBootTestContextBootstrapper=true}

  .   ____          _            __ _ _
 /\\ / ___'_ __ _ _(_)_ __  __ _ \ \ \ \
( ( )\___ | '_ | '_| | '_ \/ _` | \ \ \ \
 \\/  ___)| |_)| | | | | || (_| |  ) ) ) )
  '  |____| .__|_| |_|_| |_\__, | / / / /
 =========|_|==============|___/=/_/_/_/
 :: Spring Boot ::                (v2.5.3)

2021-09-01 12:34:58.540  INFO 66261 --- [    Test worker] c.e.t.repository.BoardRepositoryTest     : Starting BoardRepositoryTest using Java 16.0.1 on donggeon-kim-ui-MacBookAir.local with PID 66261 (started by DongGeon_kim in /Users/DongGeon_KIm/my/teamProject_advice/TeamProject_advice)
2021-09-01 12:34:58.546  INFO 66261 --- [    Test worker] c.e.t.repository.BoardRepositoryTest     : No active profile set, falling back to default profiles: default
2021-09-01 12:35:00.187  INFO 66261 --- [    Test worker] .s.d.r.c.RepositoryConfigurationDelegate : Bootstrapping Spring Data JPA repositories in DEFAULT mode.
2021-09-01 12:35:00.415  INFO 66261 --- [    Test worker] .s.d.r.c.RepositoryConfigurationDelegate : Finished Spring Data repository scanning in 202 ms. Found 9 JPA repository interfaces.
2021-09-01 12:35:01.408  INFO 66261 --- [    Test worker] com.zaxxer.hikari.HikariDataSource       : HikariPool-1 - Starting...
2021-09-01 12:35:01.592  INFO 66261 --- [    Test worker] com.zaxxer.hikari.HikariDataSource       : HikariPool-1 - Start completed.
2021-09-01 12:35:01.719  INFO 66261 --- [    Test worker] o.hibernate.jpa.internal.util.LogHelper  : HHH000204: Processing PersistenceUnitInfo [name: default]
2021-09-01 12:35:01.812  INFO 66261 --- [    Test worker] org.hibernate.Version                    : HHH000412: Hibernate ORM core version 5.4.32.Final
2021-09-01 12:35:01.972  INFO 66261 --- [    Test worker] o.hibernate.annotations.common.Version   : HCANN000001: Hibernate Commons Annotations {5.1.2.Final}
2021-09-01 12:35:02.089  INFO 66261 --- [    Test worker] org.hibernate.dialect.Dialect            : HHH000400: Using dialect: org.hibernate.dialect.MySQL8Dialect
2021-09-01 12:35:03.069  INFO 66261 --- [    Test worker] o.h.e.t.j.p.i.JtaPlatformInitiator       : HHH000490: Using JtaPlatform implementation: [org.hibernate.engine.transaction.jta.platform.internal.NoJtaPlatform]
2021-09-01 12:35:03.078  INFO 66261 --- [    Test worker] j.LocalContainerEntityManagerFactoryBean : Initialized JPA EntityManagerFactory for persistence unit 'default'
2021-09-01 12:35:04.412  WARN 66261 --- [    Test worker] JpaBaseConfiguration$JpaWebConfiguration : spring.jpa.open-in-view is enabled by default. Therefore, database queries may be performed during view rendering. Explicitly configure spring.jpa.open-in-view to disable this warning
2021-09-01 12:35:06.160  INFO 66261 --- [    Test worker] c.e.t.repository.BoardRepositoryTest     : Started BoardRepositoryTest in 7.992 seconds (JVM running for 9.603)
Hibernate: select user0_.id as id1_7_, user0_.account as account2_7_, user0_.created_at as created_3_7_, user0_.created_by as created_4_7_, user0_.password as password5_7_, user0_.phone_number as phone_nu6_7_, user0_.registered_at as register7_7_, user0_.status as status8_7_, user0_.unregistered_at as unregist9_7_, user0_.updated_at as updated10_7_, user0_.updated_by as updated11_7_ from user user0_
User(id=5, account=juyoung, password=skdkskdk, status=ready, phoneNumber=010-0000-0000, registeredAt=2021-08-24T16:27:29, unregisteredAt=null, createdAt=2021-08-24T16:27:29, createdBy=admin01, updatedAt=2021-08-24T17:39:28, updatedBy=admin)
User(id=7, account=ju02, password=dksk, status=ready, phoneNumber=010-0000-0000, registeredAt=2021-09-01T12:03:43, unregisteredAt=null, createdAt=2021-09-01T12:03:43, createdBy=Admin, updatedAt=2021-09-01T12:03:43, updatedBy=Admin)
User(id=8, account=ju02, password=dksk, status=ready, phoneNumber=010-0000-0000, registeredAt=2021-09-01T12:05:03, unregisteredAt=null, createdAt=2021-09-01T12:05:03, createdBy=Admin, updatedAt=2021-09-01T12:05:03, updatedBy=Admin)
User(id=9, account=ju02, password=dksk, status=ready, phoneNumber=010-0000-0000, registeredAt=2021-09-01T12:06:14, unregisteredAt=null, createdAt=2021-09-01T12:06:15, createdBy=Admin, updatedAt=2021-09-01T12:06:15, updatedBy=Admin)
]]></system-out>
  <system-err><![CDATA[]]></system-err>
</testsuite>
