<?xml version="1.0" encoding="UTF-8"?>
<testsuite name="com.example.teamproject_advice.repository.ItemRepositoryTest" tests="1" skipped="0" failures="0" errors="0" timestamp="2021-08-27T00:52:41" hostname="DESKTOP-PVFH6KS" time="0.211">
  <properties/>
  <testcase name="create()" classname="com.example.teamproject_advice.repository.ItemRepositoryTest" time="0.211"/>
  <system-out><![CDATA[09:52:36.288 [Test worker] DEBUG org.springframework.test.context.BootstrapUtils - Instantiating CacheAwareContextLoaderDelegate from class [org.springframework.test.context.cache.DefaultCacheAwareContextLoaderDelegate]
09:52:36.304 [Test worker] DEBUG org.springframework.test.context.BootstrapUtils - Instantiating BootstrapContext using constructor [public org.springframework.test.context.support.DefaultBootstrapContext(java.lang.Class,org.springframework.test.context.CacheAwareContextLoaderDelegate)]
09:52:36.341 [Test worker] DEBUG org.springframework.test.context.BootstrapUtils - Instantiating TestContextBootstrapper for test class [com.example.teamproject_advice.repository.ItemRepositoryTest] from class [org.springframework.boot.test.context.SpringBootTestContextBootstrapper]
09:52:36.357 [Test worker] INFO org.springframework.boot.test.context.SpringBootTestContextBootstrapper - Neither @ContextConfiguration nor @ContextHierarchy found for test class [com.example.teamproject_advice.repository.ItemRepositoryTest], using SpringBootContextLoader
09:52:36.370 [Test worker] DEBUG org.springframework.test.context.support.AbstractContextLoader - Did not detect default resource location for test class [com.example.teamproject_advice.repository.ItemRepositoryTest]: class path resource [com/example/teamproject_advice/repository/ItemRepositoryTest-context.xml] does not exist
09:52:36.370 [Test worker] DEBUG org.springframework.test.context.support.AbstractContextLoader - Did not detect default resource location for test class [com.example.teamproject_advice.repository.ItemRepositoryTest]: class path resource [com/example/teamproject_advice/repository/ItemRepositoryTestContext.groovy] does not exist
09:52:36.370 [Test worker] INFO org.springframework.test.context.support.AbstractContextLoader - Could not detect default resource locations for test class [com.example.teamproject_advice.repository.ItemRepositoryTest]: no resource found for suffixes {-context.xml, Context.groovy}.
09:52:36.370 [Test worker] INFO org.springframework.test.context.support.AnnotationConfigContextLoaderUtils - Could not detect default configuration classes for test class [com.example.teamproject_advice.repository.ItemRepositoryTest]: ItemRepositoryTest does not declare any static, non-private, non-final, nested classes annotated with @Configuration.
09:52:36.419 [Test worker] DEBUG org.springframework.test.context.support.ActiveProfilesUtils - Could not find an 'annotation declaring class' for annotation type [org.springframework.test.context.ActiveProfiles] and class [com.example.teamproject_advice.repository.ItemRepositoryTest]
09:52:36.500 [Test worker] DEBUG org.springframework.context.annotation.ClassPathScanningCandidateComponentProvider - Identified candidate component class: file [C:\Users\LG\Desktop\TeamProject_advice\TeamProject_advice\TeamProject_advice\build\classes\java\main\com\example\teamproject_advice\TeamProjectAdviceApplication.class]
09:52:36.500 [Test worker] INFO org.springframework.boot.test.context.SpringBootTestContextBootstrapper - Found @SpringBootConfiguration com.example.teamproject_advice.TeamProjectAdviceApplication for test class com.example.teamproject_advice.repository.ItemRepositoryTest
09:52:36.583 [Test worker] DEBUG org.springframework.boot.test.context.SpringBootTestContextBootstrapper - @TestExecutionListeners is not present for class [com.example.teamproject_advice.repository.ItemRepositoryTest]: using defaults.
09:52:36.583 [Test worker] INFO org.springframework.boot.test.context.SpringBootTestContextBootstrapper - Loaded default TestExecutionListener class names from location [META-INF/spring.factories]: [org.springframework.boot.test.autoconfigure.restdocs.RestDocsTestExecutionListener, org.springframework.boot.test.autoconfigure.web.client.MockRestServiceServerResetTestExecutionListener, org.springframework.boot.test.autoconfigure.web.servlet.MockMvcPrintOnlyOnFailureTestExecutionListener, org.springframework.boot.test.autoconfigure.web.servlet.WebDriverTestExecutionListener, org.springframework.boot.test.autoconfigure.webservices.client.MockWebServiceServerTestExecutionListener, org.springframework.boot.test.mock.mockito.MockitoTestExecutionListener, org.springframework.boot.test.mock.mockito.ResetMocksTestExecutionListener, org.springframework.test.context.web.ServletTestExecutionListener, org.springframework.test.context.support.DirtiesContextBeforeModesTestExecutionListener, org.springframework.test.context.event.ApplicationEventsTestExecutionListener, org.springframework.test.context.support.DependencyInjectionTestExecutionListener, org.springframework.test.context.support.DirtiesContextTestExecutionListener, org.springframework.test.context.transaction.TransactionalTestExecutionListener, org.springframework.test.context.jdbc.SqlScriptsTestExecutionListener, org.springframework.test.context.event.EventPublishingTestExecutionListener]
09:52:36.615 [Test worker] INFO org.springframework.boot.test.context.SpringBootTestContextBootstrapper - Using TestExecutionListeners: [org.springframework.test.context.web.ServletTestExecutionListener@43c90817, org.springframework.test.context.support.DirtiesContextBeforeModesTestExecutionListener@6914c3c6, org.springframework.test.context.event.ApplicationEventsTestExecutionListener@2c33c519, org.springframework.boot.test.mock.mockito.MockitoTestExecutionListener@29039dee, org.springframework.boot.test.autoconfigure.SpringBootDependencyInjectionTestExecutionListener@2201b169, org.springframework.test.context.support.DirtiesContextTestExecutionListener@6d444c1c, org.springframework.test.context.transaction.TransactionalTestExecutionListener@5fed57a0, org.springframework.test.context.jdbc.SqlScriptsTestExecutionListener@6ab44d5e, org.springframework.test.context.event.EventPublishingTestExecutionListener@45113398, org.springframework.boot.test.autoconfigure.restdocs.RestDocsTestExecutionListener@a7ab38a, org.springframework.boot.test.autoconfigure.web.client.MockRestServiceServerResetTestExecutionListener@3f9fb532, org.springframework.boot.test.autoconfigure.web.servlet.MockMvcPrintOnlyOnFailureTestExecutionListener@7789c122, org.springframework.boot.test.autoconfigure.web.servlet.WebDriverTestExecutionListener@3bc8b1b8, org.springframework.boot.test.autoconfigure.webservices.client.MockWebServiceServerTestExecutionListener@64f1a3a8, org.springframework.boot.test.mock.mockito.ResetMocksTestExecutionListener@2685bc21]
09:52:36.615 [Test worker] DEBUG org.springframework.test.context.support.AbstractDirtiesContextTestExecutionListener - Before test class: context [DefaultTestContext@2ce5dcee testClass = ItemRepositoryTest, testInstance = [null], testMethod = [null], testException = [null], mergedContextConfiguration = [WebMergedContextConfiguration@37631f0d testClass = ItemRepositoryTest, locations = '{}', classes = '{class com.example.teamproject_advice.TeamProjectAdviceApplication}', contextInitializerClasses = '[]', activeProfiles = '{}', propertySourceLocations = '{}', propertySourceProperties = '{org.springframework.boot.test.context.SpringBootTestContextBootstrapper=true}', contextCustomizers = set[org.springframework.boot.test.autoconfigure.actuate.metrics.MetricsExportContextCustomizerFactory$DisableMetricExportContextCustomizer@49c8d89d, org.springframework.boot.test.autoconfigure.properties.PropertyMappingContextCustomizer@0, org.springframework.boot.test.autoconfigure.web.servlet.WebDriverContextCustomizerFactory$Customizer@43f98f86, org.springframework.boot.test.context.filter.ExcludeFilterContextCustomizer@f3ec297, org.springframework.boot.test.json.DuplicateJsonObjectContextCustomizerFactory$DuplicateJsonObjectContextCustomizer@cd9f59e, org.springframework.boot.test.mock.mockito.MockitoContextCustomizer@0, org.springframework.boot.test.web.client.TestRestTemplateContextCustomizer@4f26d3d3, org.springframework.boot.test.context.SpringBootTestArgs@1, org.springframework.boot.test.context.SpringBootTestWebEnvironment@70266719], resourceBasePath = 'src/main/webapp', contextLoader = 'org.springframework.boot.test.context.SpringBootContextLoader', parent = [null]], attributes = map['org.springframework.test.context.web.ServletTestExecutionListener.activateListener' -> true]], class annotated with @DirtiesContext [false] with mode [null].
09:52:36.648 [Test worker] DEBUG org.springframework.test.context.support.TestPropertySourceUtils - Adding inlined properties to environment: {spring.jmx.enabled=false, org.springframework.boot.test.context.SpringBootTestContextBootstrapper=true}

  .   ____          _            __ _ _
 /\\ / ___'_ __ _ _(_)_ __  __ _ \ \ \ \
( ( )\___ | '_ | '_| | '_ \/ _` | \ \ \ \
 \\/  ___)| |_)| | | | | || (_| |  ) ) ) )
  '  |____| .__|_| |_|_| |_\__, | / / / /
 =========|_|==============|___/=/_/_/_/
 :: Spring Boot ::                (v2.5.3)

2021-08-27 09:52:36.928  INFO 13424 --- [    Test worker] c.e.t.repository.ItemRepositoryTest      : Starting ItemRepositoryTest using Java 1.8.0_291 on DESKTOP-PVFH6KS with PID 13424 (started by LG in C:\Users\LG\Desktop\TeamProject_advice\TeamProject_advice\TeamProject_advice)
2021-08-27 09:52:36.931  INFO 13424 --- [    Test worker] c.e.t.repository.ItemRepositoryTest      : No active profile set, falling back to default profiles: default
2021-08-27 09:52:37.614  INFO 13424 --- [    Test worker] .s.d.r.c.RepositoryConfigurationDelegate : Bootstrapping Spring Data JPA repositories in DEFAULT mode.
2021-08-27 09:52:37.707  INFO 13424 --- [    Test worker] .s.d.r.c.RepositoryConfigurationDelegate : Finished Spring Data repository scanning in 84 ms. Found 7 JPA repository interfaces.
2021-08-27 09:52:38.326  INFO 13424 --- [    Test worker] com.zaxxer.hikari.HikariDataSource       : HikariPool-1 - Starting...
2021-08-27 09:52:38.533  INFO 13424 --- [    Test worker] com.zaxxer.hikari.HikariDataSource       : HikariPool-1 - Start completed.
2021-08-27 09:52:38.598  INFO 13424 --- [    Test worker] o.hibernate.jpa.internal.util.LogHelper  : HHH000204: Processing PersistenceUnitInfo [name: default]
2021-08-27 09:52:38.647  INFO 13424 --- [    Test worker] org.hibernate.Version                    : HHH000412: Hibernate ORM core version 5.4.32.Final
2021-08-27 09:52:38.813  INFO 13424 --- [    Test worker] o.hibernate.annotations.common.Version   : HCANN000001: Hibernate Commons Annotations {5.1.2.Final}
2021-08-27 09:52:38.975  INFO 13424 --- [    Test worker] org.hibernate.dialect.Dialect            : HHH000400: Using dialect: org.hibernate.dialect.MySQL8Dialect
2021-08-27 09:52:39.854  INFO 13424 --- [    Test worker] o.h.e.t.j.p.i.JtaPlatformInitiator       : HHH000490: Using JtaPlatform implementation: [org.hibernate.engine.transaction.jta.platform.internal.NoJtaPlatform]
2021-08-27 09:52:39.854  INFO 13424 --- [    Test worker] j.LocalContainerEntityManagerFactoryBean : Initialized JPA EntityManagerFactory for persistence unit 'default'
2021-08-27 09:52:40.156  WARN 13424 --- [    Test worker] JpaBaseConfiguration$JpaWebConfiguration : spring.jpa.open-in-view is enabled by default. Therefore, database queries may be performed during view rendering. Explicitly configure spring.jpa.open-in-view to disable this warning
2021-08-27 09:52:41.253  INFO 13424 --- [    Test worker] c.e.t.repository.ItemRepositoryTest      : Started ItemRepositoryTest in 4.6 seconds (JVM running for 5.938)
Hibernate: select item0_.id as id1_1_0_, item0_.brand_name as brand_na2_1_0_, item0_.content as content3_1_0_, item0_.created_at as created_4_1_0_, item0_.created_by as created_5_1_0_, item0_.name as name6_1_0_, item0_.partner_id as partner_7_1_0_, item0_.price as price8_1_0_, item0_.registered_at as register9_1_0_, item0_.status as status10_1_0_, item0_.title as title11_1_0_, item0_.unregistered_at as unregis12_1_0_, item0_.updated_at as updated13_1_0_, item0_.updated_by as updated14_1_0_ from item item0_ where item0_.id=?
Hibernate: update item set brand_name=?, content=?, created_at=?, created_by=?, name=?, partner_id=?, price=?, registered_at=?, status=?, title=?, unregistered_at=?, updated_at=?, updated_by=? where id=?
Item(id=1, status=ready, name=abcJean, title=Pants, content=sangsesulmyeng, price=10000, brandName=brand010101, registeredAt=2021-08-27T09:52:41.335, unregisteredAt=null, createdAt=2021-08-27T09:52:41.335, createdBy=admin01, updatedAt=null, updatedBy=null, partnerId=1)
]]></system-out>
  <system-err><![CDATA[]]></system-err>
</testsuite>
