<?xml version="1.0" encoding="UTF-8"?>
<testsuite name="com.example.teamproject_advice.repository.BoardRepositoryTest" tests="1" skipped="0" failures="0" errors="0" timestamp="2021-08-31T01:26:42" hostname="DESKTOP-PVFH6KS" time="0.296">
  <properties/>
  <testcase name="readTest()" classname="com.example.teamproject_advice.repository.BoardRepositoryTest" time="0.296"/>
  <system-out><![CDATA[10:26:37.056 [Test worker] DEBUG org.springframework.test.context.BootstrapUtils - Instantiating CacheAwareContextLoaderDelegate from class [org.springframework.test.context.cache.DefaultCacheAwareContextLoaderDelegate]
10:26:37.067 [Test worker] DEBUG org.springframework.test.context.BootstrapUtils - Instantiating BootstrapContext using constructor [public org.springframework.test.context.support.DefaultBootstrapContext(java.lang.Class,org.springframework.test.context.CacheAwareContextLoaderDelegate)]
10:26:37.101 [Test worker] DEBUG org.springframework.test.context.BootstrapUtils - Instantiating TestContextBootstrapper for test class [com.example.teamproject_advice.repository.BoardRepositoryTest] from class [org.springframework.boot.test.context.SpringBootTestContextBootstrapper]
10:26:37.111 [Test worker] INFO org.springframework.boot.test.context.SpringBootTestContextBootstrapper - Neither @ContextConfiguration nor @ContextHierarchy found for test class [com.example.teamproject_advice.repository.BoardRepositoryTest], using SpringBootContextLoader
10:26:37.116 [Test worker] DEBUG org.springframework.test.context.support.AbstractContextLoader - Did not detect default resource location for test class [com.example.teamproject_advice.repository.BoardRepositoryTest]: class path resource [com/example/teamproject_advice/repository/BoardRepositoryTest-context.xml] does not exist
10:26:37.116 [Test worker] DEBUG org.springframework.test.context.support.AbstractContextLoader - Did not detect default resource location for test class [com.example.teamproject_advice.repository.BoardRepositoryTest]: class path resource [com/example/teamproject_advice/repository/BoardRepositoryTestContext.groovy] does not exist
10:26:37.116 [Test worker] INFO org.springframework.test.context.support.AbstractContextLoader - Could not detect default resource locations for test class [com.example.teamproject_advice.repository.BoardRepositoryTest]: no resource found for suffixes {-context.xml, Context.groovy}.
10:26:37.117 [Test worker] INFO org.springframework.test.context.support.AnnotationConfigContextLoaderUtils - Could not detect default configuration classes for test class [com.example.teamproject_advice.repository.BoardRepositoryTest]: BoardRepositoryTest does not declare any static, non-private, non-final, nested classes annotated with @Configuration.
10:26:37.158 [Test worker] DEBUG org.springframework.test.context.support.ActiveProfilesUtils - Could not find an 'annotation declaring class' for annotation type [org.springframework.test.context.ActiveProfiles] and class [com.example.teamproject_advice.repository.BoardRepositoryTest]
10:26:37.227 [Test worker] DEBUG org.springframework.context.annotation.ClassPathScanningCandidateComponentProvider - Identified candidate component class: file [C:\Users\LG\Desktop\TeamProject_advice\TeamProject_advice\TeamProject_advice\build\classes\java\main\com\example\teamproject_advice\TeamProjectAdviceApplication.class]
10:26:37.228 [Test worker] INFO org.springframework.boot.test.context.SpringBootTestContextBootstrapper - Found @SpringBootConfiguration com.example.teamproject_advice.TeamProjectAdviceApplication for test class com.example.teamproject_advice.repository.BoardRepositoryTest
10:26:37.334 [Test worker] DEBUG org.springframework.boot.test.context.SpringBootTestContextBootstrapper - @TestExecutionListeners is not present for class [com.example.teamproject_advice.repository.BoardRepositoryTest]: using defaults.
10:26:37.335 [Test worker] INFO org.springframework.boot.test.context.SpringBootTestContextBootstrapper - Loaded default TestExecutionListener class names from location [META-INF/spring.factories]: [org.springframework.boot.test.autoconfigure.restdocs.RestDocsTestExecutionListener, org.springframework.boot.test.autoconfigure.web.client.MockRestServiceServerResetTestExecutionListener, org.springframework.boot.test.autoconfigure.web.servlet.MockMvcPrintOnlyOnFailureTestExecutionListener, org.springframework.boot.test.autoconfigure.web.servlet.WebDriverTestExecutionListener, org.springframework.boot.test.autoconfigure.webservices.client.MockWebServiceServerTestExecutionListener, org.springframework.boot.test.mock.mockito.MockitoTestExecutionListener, org.springframework.boot.test.mock.mockito.ResetMocksTestExecutionListener, org.springframework.test.context.web.ServletTestExecutionListener, org.springframework.test.context.support.DirtiesContextBeforeModesTestExecutionListener, org.springframework.test.context.event.ApplicationEventsTestExecutionListener, org.springframework.test.context.support.DependencyInjectionTestExecutionListener, org.springframework.test.context.support.DirtiesContextTestExecutionListener, org.springframework.test.context.transaction.TransactionalTestExecutionListener, org.springframework.test.context.jdbc.SqlScriptsTestExecutionListener, org.springframework.test.context.event.EventPublishingTestExecutionListener]
10:26:37.351 [Test worker] INFO org.springframework.boot.test.context.SpringBootTestContextBootstrapper - Using TestExecutionListeners: [org.springframework.test.context.web.ServletTestExecutionListener@3d9a5320, org.springframework.test.context.support.DirtiesContextBeforeModesTestExecutionListener@58b1ebdd, org.springframework.test.context.event.ApplicationEventsTestExecutionListener@3c071373, org.springframework.boot.test.mock.mockito.MockitoTestExecutionListener@86aa3ca, org.springframework.boot.test.autoconfigure.SpringBootDependencyInjectionTestExecutionListener@6786f2b4, org.springframework.test.context.support.DirtiesContextTestExecutionListener@303e029a, org.springframework.test.context.transaction.TransactionalTestExecutionListener@34260365, org.springframework.test.context.jdbc.SqlScriptsTestExecutionListener@690f82d8, org.springframework.test.context.event.EventPublishingTestExecutionListener@39ccce1f, org.springframework.boot.test.autoconfigure.restdocs.RestDocsTestExecutionListener@79a6216e, org.springframework.boot.test.autoconfigure.web.client.MockRestServiceServerResetTestExecutionListener@7d9f2814, org.springframework.boot.test.autoconfigure.web.servlet.MockMvcPrintOnlyOnFailureTestExecutionListener@68936c3d, org.springframework.boot.test.autoconfigure.web.servlet.WebDriverTestExecutionListener@37f0fb06, org.springframework.boot.test.autoconfigure.webservices.client.MockWebServiceServerTestExecutionListener@7f9501c7, org.springframework.boot.test.mock.mockito.ResetMocksTestExecutionListener@7b4e49a9]
10:26:37.355 [Test worker] DEBUG org.springframework.test.context.support.AbstractDirtiesContextTestExecutionListener - Before test class: context [DefaultTestContext@4768ea28 testClass = BoardRepositoryTest, testInstance = [null], testMethod = [null], testException = [null], mergedContextConfiguration = [WebMergedContextConfiguration@7d775d9d testClass = BoardRepositoryTest, locations = '{}', classes = '{class com.example.teamproject_advice.TeamProjectAdviceApplication}', contextInitializerClasses = '[]', activeProfiles = '{}', propertySourceLocations = '{}', propertySourceProperties = '{org.springframework.boot.test.context.SpringBootTestContextBootstrapper=true}', contextCustomizers = set[org.springframework.boot.test.autoconfigure.actuate.metrics.MetricsExportContextCustomizerFactory$DisableMetricExportContextCustomizer@7092a534, org.springframework.boot.test.autoconfigure.properties.PropertyMappingContextCustomizer@0, org.springframework.boot.test.autoconfigure.web.servlet.WebDriverContextCustomizerFactory$Customizer@3247efbf, org.springframework.boot.test.context.filter.ExcludeFilterContextCustomizer@70c13039, org.springframework.boot.test.json.DuplicateJsonObjectContextCustomizerFactory$DuplicateJsonObjectContextCustomizer@3e7220f3, org.springframework.boot.test.mock.mockito.MockitoContextCustomizer@0, org.springframework.boot.test.web.client.TestRestTemplateContextCustomizer@1e9a29b3, org.springframework.boot.test.context.SpringBootTestArgs@1, org.springframework.boot.test.context.SpringBootTestWebEnvironment@aac0c80], resourceBasePath = 'src/main/webapp', contextLoader = 'org.springframework.boot.test.context.SpringBootContextLoader', parent = [null]], attributes = map['org.springframework.test.context.web.ServletTestExecutionListener.activateListener' -> true]], class annotated with @DirtiesContext [false] with mode [null].
10:26:37.386 [Test worker] DEBUG org.springframework.test.context.support.TestPropertySourceUtils - Adding inlined properties to environment: {spring.jmx.enabled=false, org.springframework.boot.test.context.SpringBootTestContextBootstrapper=true}

  .   ____          _            __ _ _
 /\\ / ___'_ __ _ _(_)_ __  __ _ \ \ \ \
( ( )\___ | '_ | '_| | '_ \/ _` | \ \ \ \
 \\/  ___)| |_)| | | | | || (_| |  ) ) ) )
  '  |____| .__|_| |_|_| |_\__, | / / / /
 =========|_|==============|___/=/_/_/_/
 :: Spring Boot ::                (v2.5.3)

2021-08-31 10:26:37.662  INFO 14080 --- [    Test worker] c.e.t.repository.BoardRepositoryTest     : Starting BoardRepositoryTest using Java 11.0.12 on DESKTOP-PVFH6KS with PID 14080 (started by LG in C:\Users\LG\Desktop\TeamProject_advice\TeamProject_advice\TeamProject_advice)
2021-08-31 10:26:37.665  INFO 14080 --- [    Test worker] c.e.t.repository.BoardRepositoryTest     : No active profile set, falling back to default profiles: default
2021-08-31 10:26:38.638  INFO 14080 --- [    Test worker] .s.d.r.c.RepositoryConfigurationDelegate : Bootstrapping Spring Data JPA repositories in DEFAULT mode.
2021-08-31 10:26:38.723  INFO 14080 --- [    Test worker] .s.d.r.c.RepositoryConfigurationDelegate : Finished Spring Data repository scanning in 78 ms. Found 8 JPA repository interfaces.
2021-08-31 10:26:39.345  INFO 14080 --- [    Test worker] com.zaxxer.hikari.HikariDataSource       : HikariPool-1 - Starting...
2021-08-31 10:26:39.538  INFO 14080 --- [    Test worker] com.zaxxer.hikari.HikariDataSource       : HikariPool-1 - Start completed.
2021-08-31 10:26:39.613  INFO 14080 --- [    Test worker] o.hibernate.jpa.internal.util.LogHelper  : HHH000204: Processing PersistenceUnitInfo [name: default]
2021-08-31 10:26:39.688  INFO 14080 --- [    Test worker] org.hibernate.Version                    : HHH000412: Hibernate ORM core version 5.4.32.Final
2021-08-31 10:26:39.902  INFO 14080 --- [    Test worker] o.hibernate.annotations.common.Version   : HCANN000001: Hibernate Commons Annotations {5.1.2.Final}
2021-08-31 10:26:40.073  INFO 14080 --- [    Test worker] org.hibernate.dialect.Dialect            : HHH000400: Using dialect: org.hibernate.dialect.MySQL8Dialect
2021-08-31 10:26:40.834  INFO 14080 --- [    Test worker] o.h.e.t.j.p.i.JtaPlatformInitiator       : HHH000490: Using JtaPlatform implementation: [org.hibernate.engine.transaction.jta.platform.internal.NoJtaPlatform]
2021-08-31 10:26:40.844  INFO 14080 --- [    Test worker] j.LocalContainerEntityManagerFactoryBean : Initialized JPA EntityManagerFactory for persistence unit 'default'
2021-08-31 10:26:41.576  WARN 14080 --- [    Test worker] JpaBaseConfiguration$JpaWebConfiguration : spring.jpa.open-in-view is enabled by default. Therefore, database queries may be performed during view rendering. Explicitly configure spring.jpa.open-in-view to disable this warning
2021-08-31 10:26:42.517  INFO 14080 --- [    Test worker] c.e.t.repository.BoardRepositoryTest     : Started BoardRepositoryTest in 5.126 seconds (JVM running for 6.563)
Hibernate: select board0_.id as id1_0_, board0_.content as content2_0_, board0_.created_at as created_3_0_, board0_.created_by as created_4_0_, board0_.registered_at as register5_0_, board0_.title as title6_0_, board0_.updated_at as updated_7_0_, board0_.updated_by as updated_8_0_, board0_.writer as writer9_0_ from board board0_ order by board0_.id desc limit ?
Hibernate: select count(board0_.id) as col_0_0_ from board board0_
board title : 99번째 게시글
board title : 98번째 게시글
board title : 97번째 게시글
board title : 96번째 게시글
board title : 95번째 게시글
board title : 94번째 게시글
board title : 93번째 게시글
board title : 92번째 게시글
board title : 91번째 게시글
board title : 90번째 게시글
]]></system-out>
  <system-err><![CDATA[]]></system-err>
</testsuite>
