<?xml version="1.0" encoding="UTF-8"?>
<testsuite name="com.example.teamproject_advice.repository.UserRepositoryTest" tests="1" skipped="0" failures="0" errors="0" timestamp="2021-08-31T03:49:20" hostname="donggeon-kim-ui-MacBookAir.local" time="0.247">
  <properties/>
  <testcase name="read()" classname="com.example.teamproject_advice.repository.UserRepositoryTest" time="0.247"/>
  <system-out><![CDATA[12:49:13.075 [Test worker] DEBUG org.springframework.test.context.BootstrapUtils - Instantiating CacheAwareContextLoaderDelegate from class [org.springframework.test.context.cache.DefaultCacheAwareContextLoaderDelegate]
12:49:13.084 [Test worker] DEBUG org.springframework.test.context.BootstrapUtils - Instantiating BootstrapContext using constructor [public org.springframework.test.context.support.DefaultBootstrapContext(java.lang.Class,org.springframework.test.context.CacheAwareContextLoaderDelegate)]
12:49:13.136 [Test worker] DEBUG org.springframework.test.context.BootstrapUtils - Instantiating TestContextBootstrapper for test class [com.example.teamproject_advice.repository.UserRepositoryTest] from class [org.springframework.boot.test.context.SpringBootTestContextBootstrapper]
12:49:13.149 [Test worker] INFO org.springframework.boot.test.context.SpringBootTestContextBootstrapper - Neither @ContextConfiguration nor @ContextHierarchy found for test class [com.example.teamproject_advice.repository.UserRepositoryTest], using SpringBootContextLoader
12:49:13.154 [Test worker] DEBUG org.springframework.test.context.support.AbstractContextLoader - Did not detect default resource location for test class [com.example.teamproject_advice.repository.UserRepositoryTest]: class path resource [com/example/teamproject_advice/repository/UserRepositoryTest-context.xml] does not exist
12:49:13.155 [Test worker] DEBUG org.springframework.test.context.support.AbstractContextLoader - Did not detect default resource location for test class [com.example.teamproject_advice.repository.UserRepositoryTest]: class path resource [com/example/teamproject_advice/repository/UserRepositoryTestContext.groovy] does not exist
12:49:13.155 [Test worker] INFO org.springframework.test.context.support.AbstractContextLoader - Could not detect default resource locations for test class [com.example.teamproject_advice.repository.UserRepositoryTest]: no resource found for suffixes {-context.xml, Context.groovy}.
12:49:13.156 [Test worker] INFO org.springframework.test.context.support.AnnotationConfigContextLoaderUtils - Could not detect default configuration classes for test class [com.example.teamproject_advice.repository.UserRepositoryTest]: UserRepositoryTest does not declare any static, non-private, non-final, nested classes annotated with @Configuration.
12:49:13.233 [Test worker] DEBUG org.springframework.test.context.support.ActiveProfilesUtils - Could not find an 'annotation declaring class' for annotation type [org.springframework.test.context.ActiveProfiles] and class [com.example.teamproject_advice.repository.UserRepositoryTest]
12:49:13.335 [Test worker] DEBUG org.springframework.context.annotation.ClassPathScanningCandidateComponentProvider - Identified candidate component class: file [/Users/DongGeon_KIm/my/teamProject_advice/TeamProject_advice/build/classes/java/main/com/example/teamproject_advice/TeamProjectAdviceApplication.class]
12:49:13.338 [Test worker] INFO org.springframework.boot.test.context.SpringBootTestContextBootstrapper - Found @SpringBootConfiguration com.example.teamproject_advice.TeamProjectAdviceApplication for test class com.example.teamproject_advice.repository.UserRepositoryTest
12:49:13.456 [Test worker] DEBUG org.springframework.boot.test.context.SpringBootTestContextBootstrapper - @TestExecutionListeners is not present for class [com.example.teamproject_advice.repository.UserRepositoryTest]: using defaults.
12:49:13.457 [Test worker] INFO org.springframework.boot.test.context.SpringBootTestContextBootstrapper - Loaded default TestExecutionListener class names from location [META-INF/spring.factories]: [org.springframework.boot.test.autoconfigure.restdocs.RestDocsTestExecutionListener, org.springframework.boot.test.autoconfigure.web.client.MockRestServiceServerResetTestExecutionListener, org.springframework.boot.test.autoconfigure.web.servlet.MockMvcPrintOnlyOnFailureTestExecutionListener, org.springframework.boot.test.autoconfigure.web.servlet.WebDriverTestExecutionListener, org.springframework.boot.test.autoconfigure.webservices.client.MockWebServiceServerTestExecutionListener, org.springframework.boot.test.mock.mockito.MockitoTestExecutionListener, org.springframework.boot.test.mock.mockito.ResetMocksTestExecutionListener, org.springframework.test.context.web.ServletTestExecutionListener, org.springframework.test.context.support.DirtiesContextBeforeModesTestExecutionListener, org.springframework.test.context.event.ApplicationEventsTestExecutionListener, org.springframework.test.context.support.DependencyInjectionTestExecutionListener, org.springframework.test.context.support.DirtiesContextTestExecutionListener, org.springframework.test.context.transaction.TransactionalTestExecutionListener, org.springframework.test.context.jdbc.SqlScriptsTestExecutionListener, org.springframework.test.context.event.EventPublishingTestExecutionListener]
12:49:13.470 [Test worker] INFO org.springframework.boot.test.context.SpringBootTestContextBootstrapper - Using TestExecutionListeners: [org.springframework.test.context.web.ServletTestExecutionListener@2d84a9ae, org.springframework.test.context.support.DirtiesContextBeforeModesTestExecutionListener@6542ac9, org.springframework.test.context.event.ApplicationEventsTestExecutionListener@7d29e4, org.springframework.boot.test.mock.mockito.MockitoTestExecutionListener@11aaa5bc, org.springframework.boot.test.autoconfigure.SpringBootDependencyInjectionTestExecutionListener@196ba7fe, org.springframework.test.context.support.DirtiesContextTestExecutionListener@3e4ed478, org.springframework.test.context.transaction.TransactionalTestExecutionListener@5795f85c, org.springframework.test.context.jdbc.SqlScriptsTestExecutionListener@13d63057, org.springframework.test.context.event.EventPublishingTestExecutionListener@57462184, org.springframework.boot.test.autoconfigure.restdocs.RestDocsTestExecutionListener@1f63d200, org.springframework.boot.test.autoconfigure.web.client.MockRestServiceServerResetTestExecutionListener@67cc8ea8, org.springframework.boot.test.autoconfigure.web.servlet.MockMvcPrintOnlyOnFailureTestExecutionListener@45ba5e8e, org.springframework.boot.test.autoconfigure.web.servlet.WebDriverTestExecutionListener@23961dbc, org.springframework.boot.test.autoconfigure.webservices.client.MockWebServiceServerTestExecutionListener@22e4381c, org.springframework.boot.test.mock.mockito.ResetMocksTestExecutionListener@215e5b26]
12:49:13.475 [Test worker] DEBUG org.springframework.test.context.support.AbstractDirtiesContextTestExecutionListener - Before test class: context [DefaultTestContext@6d34b283 testClass = UserRepositoryTest, testInstance = [null], testMethod = [null], testException = [null], mergedContextConfiguration = [WebMergedContextConfiguration@39d7d4aa testClass = UserRepositoryTest, locations = '{}', classes = '{class com.example.teamproject_advice.TeamProjectAdviceApplication}', contextInitializerClasses = '[]', activeProfiles = '{}', propertySourceLocations = '{}', propertySourceProperties = '{org.springframework.boot.test.context.SpringBootTestContextBootstrapper=true}', contextCustomizers = set[org.springframework.boot.test.autoconfigure.actuate.metrics.MetricsExportContextCustomizerFactory$DisableMetricExportContextCustomizer@46b33620, org.springframework.boot.test.autoconfigure.properties.PropertyMappingContextCustomizer@0, org.springframework.boot.test.autoconfigure.web.servlet.WebDriverContextCustomizerFactory$Customizer@7706087e, org.springframework.boot.test.context.filter.ExcludeFilterContextCustomizer@13abe551, org.springframework.boot.test.json.DuplicateJsonObjectContextCustomizerFactory$DuplicateJsonObjectContextCustomizer@7645e328, org.springframework.boot.test.mock.mockito.MockitoContextCustomizer@0, org.springframework.boot.test.web.client.TestRestTemplateContextCustomizer@2e051270, org.springframework.boot.test.context.SpringBootTestArgs@1, org.springframework.boot.test.context.SpringBootTestWebEnvironment@4bd37b3e], resourceBasePath = 'src/main/webapp', contextLoader = 'org.springframework.boot.test.context.SpringBootContextLoader', parent = [null]], attributes = map['org.springframework.test.context.web.ServletTestExecutionListener.activateListener' -> true]], class annotated with @DirtiesContext [false] with mode [null].
12:49:13.524 [Test worker] DEBUG org.springframework.test.context.support.TestPropertySourceUtils - Adding inlined properties to environment: {spring.jmx.enabled=false, org.springframework.boot.test.context.SpringBootTestContextBootstrapper=true}

  .   ____          _            __ _ _
 /\\ / ___'_ __ _ _(_)_ __  __ _ \ \ \ \
( ( )\___ | '_ | '_| | '_ \/ _` | \ \ \ \
 \\/  ___)| |_)| | | | | || (_| |  ) ) ) )
  '  |____| .__|_| |_|_| |_\__, | / / / /
 =========|_|==============|___/=/_/_/_/
 :: Spring Boot ::                (v2.5.3)

2021-08-31 12:49:13.928  INFO 48380 --- [    Test worker] c.e.t.repository.UserRepositoryTest      : Starting UserRepositoryTest using Java 16.0.1 on donggeon-kim-ui-MacBookAir.local with PID 48380 (started by DongGeon_kim in /Users/DongGeon_KIm/my/teamProject_advice/TeamProject_advice)
2021-08-31 12:49:13.931  INFO 48380 --- [    Test worker] c.e.t.repository.UserRepositoryTest      : No active profile set, falling back to default profiles: default
2021-08-31 12:49:15.346  INFO 48380 --- [    Test worker] .s.d.r.c.RepositoryConfigurationDelegate : Bootstrapping Spring Data JPA repositories in DEFAULT mode.
2021-08-31 12:49:15.470  INFO 48380 --- [    Test worker] .s.d.r.c.RepositoryConfigurationDelegate : Finished Spring Data repository scanning in 117 ms. Found 8 JPA repository interfaces.
2021-08-31 12:49:16.452  INFO 48380 --- [    Test worker] com.zaxxer.hikari.HikariDataSource       : HikariPool-1 - Starting...
2021-08-31 12:49:16.620  INFO 48380 --- [    Test worker] com.zaxxer.hikari.HikariDataSource       : HikariPool-1 - Start completed.
2021-08-31 12:49:16.738  INFO 48380 --- [    Test worker] o.hibernate.jpa.internal.util.LogHelper  : HHH000204: Processing PersistenceUnitInfo [name: default]
2021-08-31 12:49:16.828  INFO 48380 --- [    Test worker] org.hibernate.Version                    : HHH000412: Hibernate ORM core version 5.4.32.Final
2021-08-31 12:49:16.975  INFO 48380 --- [    Test worker] o.hibernate.annotations.common.Version   : HCANN000001: Hibernate Commons Annotations {5.1.2.Final}
2021-08-31 12:49:17.090  INFO 48380 --- [    Test worker] org.hibernate.dialect.Dialect            : HHH000400: Using dialect: org.hibernate.dialect.MySQL8Dialect
2021-08-31 12:49:18.040  INFO 48380 --- [    Test worker] o.h.e.t.j.p.i.JtaPlatformInitiator       : HHH000490: Using JtaPlatform implementation: [org.hibernate.engine.transaction.jta.platform.internal.NoJtaPlatform]
2021-08-31 12:49:18.050  INFO 48380 --- [    Test worker] j.LocalContainerEntityManagerFactoryBean : Initialized JPA EntityManagerFactory for persistence unit 'default'
2021-08-31 12:49:19.319  WARN 48380 --- [    Test worker] JpaBaseConfiguration$JpaWebConfiguration : spring.jpa.open-in-view is enabled by default. Therefore, database queries may be performed during view rendering. Explicitly configure spring.jpa.open-in-view to disable this warning
2021-08-31 12:49:20.875  INFO 48380 --- [    Test worker] c.e.t.repository.UserRepositoryTest      : Started UserRepositoryTest in 7.344 seconds (JVM running for 8.945)
Hibernate: select user0_.id as id1_6_0_, user0_.account as account2_6_0_, user0_.created_at as created_3_6_0_, user0_.created_by as created_4_6_0_, user0_.password as password5_6_0_, user0_.phone_number as phone_nu6_6_0_, user0_.registered_at as register7_6_0_, user0_.status as status8_6_0_, user0_.unregistered_at as unregist9_6_0_, user0_.updated_at as updated10_6_0_, user0_.updated_by as updated11_6_0_ from user user0_ where user0_.id=?
]]></system-out>
  <system-err><![CDATA[]]></system-err>
</testsuite>
