<?xml version="1.0" encoding="UTF-8"?>
<testsuite name="com.example.teamproject_advice.repository.BoardRepositoryTest" tests="1" skipped="0" failures="0" errors="0" timestamp="2021-08-30T06:17:33" hostname="donggeon-kim-ui-MacBookAir.local" time="0.938">
  <properties/>
  <testcase name="create()" classname="com.example.teamproject_advice.repository.BoardRepositoryTest" time="0.938"/>
  <system-out><![CDATA[15:17:25.438 [Test worker] DEBUG org.springframework.test.context.BootstrapUtils - Instantiating CacheAwareContextLoaderDelegate from class [org.springframework.test.context.cache.DefaultCacheAwareContextLoaderDelegate]
15:17:25.448 [Test worker] DEBUG org.springframework.test.context.BootstrapUtils - Instantiating BootstrapContext using constructor [public org.springframework.test.context.support.DefaultBootstrapContext(java.lang.Class,org.springframework.test.context.CacheAwareContextLoaderDelegate)]
15:17:25.487 [Test worker] DEBUG org.springframework.test.context.BootstrapUtils - Instantiating TestContextBootstrapper for test class [com.example.teamproject_advice.repository.BoardRepositoryTest] from class [org.springframework.boot.test.context.SpringBootTestContextBootstrapper]
15:17:25.500 [Test worker] INFO org.springframework.boot.test.context.SpringBootTestContextBootstrapper - Neither @ContextConfiguration nor @ContextHierarchy found for test class [com.example.teamproject_advice.repository.BoardRepositoryTest], using SpringBootContextLoader
15:17:25.504 [Test worker] DEBUG org.springframework.test.context.support.AbstractContextLoader - Did not detect default resource location for test class [com.example.teamproject_advice.repository.BoardRepositoryTest]: class path resource [com/example/teamproject_advice/repository/BoardRepositoryTest-context.xml] does not exist
15:17:25.505 [Test worker] DEBUG org.springframework.test.context.support.AbstractContextLoader - Did not detect default resource location for test class [com.example.teamproject_advice.repository.BoardRepositoryTest]: class path resource [com/example/teamproject_advice/repository/BoardRepositoryTestContext.groovy] does not exist
15:17:25.505 [Test worker] INFO org.springframework.test.context.support.AbstractContextLoader - Could not detect default resource locations for test class [com.example.teamproject_advice.repository.BoardRepositoryTest]: no resource found for suffixes {-context.xml, Context.groovy}.
15:17:25.506 [Test worker] INFO org.springframework.test.context.support.AnnotationConfigContextLoaderUtils - Could not detect default configuration classes for test class [com.example.teamproject_advice.repository.BoardRepositoryTest]: BoardRepositoryTest does not declare any static, non-private, non-final, nested classes annotated with @Configuration.
15:17:25.580 [Test worker] DEBUG org.springframework.test.context.support.ActiveProfilesUtils - Could not find an 'annotation declaring class' for annotation type [org.springframework.test.context.ActiveProfiles] and class [com.example.teamproject_advice.repository.BoardRepositoryTest]
15:17:25.672 [Test worker] DEBUG org.springframework.context.annotation.ClassPathScanningCandidateComponentProvider - Identified candidate component class: file [/Users/DongGeon_KIm/my/teamProject_advice/TeamProject_advice/build/classes/java/main/com/example/teamproject_advice/TeamProjectAdviceApplication.class]
15:17:25.675 [Test worker] INFO org.springframework.boot.test.context.SpringBootTestContextBootstrapper - Found @SpringBootConfiguration com.example.teamproject_advice.TeamProjectAdviceApplication for test class com.example.teamproject_advice.repository.BoardRepositoryTest
15:17:25.798 [Test worker] DEBUG org.springframework.boot.test.context.SpringBootTestContextBootstrapper - @TestExecutionListeners is not present for class [com.example.teamproject_advice.repository.BoardRepositoryTest]: using defaults.
15:17:25.801 [Test worker] INFO org.springframework.boot.test.context.SpringBootTestContextBootstrapper - Loaded default TestExecutionListener class names from location [META-INF/spring.factories]: [org.springframework.boot.test.autoconfigure.restdocs.RestDocsTestExecutionListener, org.springframework.boot.test.autoconfigure.web.client.MockRestServiceServerResetTestExecutionListener, org.springframework.boot.test.autoconfigure.web.servlet.MockMvcPrintOnlyOnFailureTestExecutionListener, org.springframework.boot.test.autoconfigure.web.servlet.WebDriverTestExecutionListener, org.springframework.boot.test.autoconfigure.webservices.client.MockWebServiceServerTestExecutionListener, org.springframework.boot.test.mock.mockito.MockitoTestExecutionListener, org.springframework.boot.test.mock.mockito.ResetMocksTestExecutionListener, org.springframework.test.context.web.ServletTestExecutionListener, org.springframework.test.context.support.DirtiesContextBeforeModesTestExecutionListener, org.springframework.test.context.event.ApplicationEventsTestExecutionListener, org.springframework.test.context.support.DependencyInjectionTestExecutionListener, org.springframework.test.context.support.DirtiesContextTestExecutionListener, org.springframework.test.context.transaction.TransactionalTestExecutionListener, org.springframework.test.context.jdbc.SqlScriptsTestExecutionListener, org.springframework.test.context.event.EventPublishingTestExecutionListener]
15:17:25.817 [Test worker] INFO org.springframework.boot.test.context.SpringBootTestContextBootstrapper - Using TestExecutionListeners: [org.springframework.test.context.web.ServletTestExecutionListener@64393849, org.springframework.test.context.support.DirtiesContextBeforeModesTestExecutionListener@3e12ad2a, org.springframework.test.context.event.ApplicationEventsTestExecutionListener@6d8d645b, org.springframework.boot.test.mock.mockito.MockitoTestExecutionListener@52229d, org.springframework.boot.test.autoconfigure.SpringBootDependencyInjectionTestExecutionListener@2d84a9ae, org.springframework.test.context.support.DirtiesContextTestExecutionListener@6542ac9, org.springframework.test.context.transaction.TransactionalTestExecutionListener@7d29e4, org.springframework.test.context.jdbc.SqlScriptsTestExecutionListener@11aaa5bc, org.springframework.test.context.event.EventPublishingTestExecutionListener@196ba7fe, org.springframework.boot.test.autoconfigure.restdocs.RestDocsTestExecutionListener@3e4ed478, org.springframework.boot.test.autoconfigure.web.client.MockRestServiceServerResetTestExecutionListener@5795f85c, org.springframework.boot.test.autoconfigure.web.servlet.MockMvcPrintOnlyOnFailureTestExecutionListener@13d63057, org.springframework.boot.test.autoconfigure.web.servlet.WebDriverTestExecutionListener@57462184, org.springframework.boot.test.autoconfigure.webservices.client.MockWebServiceServerTestExecutionListener@1f63d200, org.springframework.boot.test.mock.mockito.ResetMocksTestExecutionListener@67cc8ea8]
15:17:25.821 [Test worker] DEBUG org.springframework.test.context.support.AbstractDirtiesContextTestExecutionListener - Before test class: context [DefaultTestContext@7649274a testClass = BoardRepositoryTest, testInstance = [null], testMethod = [null], testException = [null], mergedContextConfiguration = [WebMergedContextConfiguration@7e954453 testClass = BoardRepositoryTest, locations = '{}', classes = '{class com.example.teamproject_advice.TeamProjectAdviceApplication}', contextInitializerClasses = '[]', activeProfiles = '{}', propertySourceLocations = '{}', propertySourceProperties = '{org.springframework.boot.test.context.SpringBootTestContextBootstrapper=true}', contextCustomizers = set[org.springframework.boot.test.autoconfigure.actuate.metrics.MetricsExportContextCustomizerFactory$DisableMetricExportContextCustomizer@24546209, org.springframework.boot.test.autoconfigure.properties.PropertyMappingContextCustomizer@0, org.springframework.boot.test.autoconfigure.web.servlet.WebDriverContextCustomizerFactory$Customizer@605c6183, org.springframework.boot.test.context.filter.ExcludeFilterContextCustomizer@3c48ae08, org.springframework.boot.test.json.DuplicateJsonObjectContextCustomizerFactory$DuplicateJsonObjectContextCustomizer@6a6a2efa, org.springframework.boot.test.mock.mockito.MockitoContextCustomizer@0, org.springframework.boot.test.web.client.TestRestTemplateContextCustomizer@3be4f0ea, org.springframework.boot.test.context.SpringBootTestArgs@1, org.springframework.boot.test.context.SpringBootTestWebEnvironment@e74f9aa], resourceBasePath = 'src/main/webapp', contextLoader = 'org.springframework.boot.test.context.SpringBootContextLoader', parent = [null]], attributes = map['org.springframework.test.context.web.ServletTestExecutionListener.activateListener' -> true]], class annotated with @DirtiesContext [false] with mode [null].
15:17:25.879 [Test worker] DEBUG org.springframework.test.context.support.TestPropertySourceUtils - Adding inlined properties to environment: {spring.jmx.enabled=false, org.springframework.boot.test.context.SpringBootTestContextBootstrapper=true}

  .   ____          _            __ _ _
 /\\ / ___'_ __ _ _(_)_ __  __ _ \ \ \ \
( ( )\___ | '_ | '_| | '_ \/ _` | \ \ \ \
 \\/  ___)| |_)| | | | | || (_| |  ) ) ) )
  '  |____| .__|_| |_|_| |_\__, | / / / /
 =========|_|==============|___/=/_/_/_/
 :: Spring Boot ::                (v2.5.3)

2021-08-30 15:17:26.281  INFO 35287 --- [    Test worker] c.e.t.repository.BoardRepositoryTest     : Starting BoardRepositoryTest using Java 16.0.1 on donggeon-kim-ui-MacBookAir.local with PID 35287 (started by DongGeon_kim in /Users/DongGeon_KIm/my/teamProject_advice/TeamProject_advice)
2021-08-30 15:17:26.287  INFO 35287 --- [    Test worker] c.e.t.repository.BoardRepositoryTest     : No active profile set, falling back to default profiles: default
2021-08-30 15:17:27.704  INFO 35287 --- [    Test worker] .s.d.r.c.RepositoryConfigurationDelegate : Bootstrapping Spring Data JPA repositories in DEFAULT mode.
2021-08-30 15:17:27.817  INFO 35287 --- [    Test worker] .s.d.r.c.RepositoryConfigurationDelegate : Finished Spring Data repository scanning in 105 ms. Found 8 JPA repository interfaces.
2021-08-30 15:17:28.832  INFO 35287 --- [    Test worker] com.zaxxer.hikari.HikariDataSource       : HikariPool-1 - Starting...
2021-08-30 15:17:28.995  INFO 35287 --- [    Test worker] com.zaxxer.hikari.HikariDataSource       : HikariPool-1 - Start completed.
2021-08-30 15:17:29.095  INFO 35287 --- [    Test worker] o.hibernate.jpa.internal.util.LogHelper  : HHH000204: Processing PersistenceUnitInfo [name: default]
2021-08-30 15:17:29.204  INFO 35287 --- [    Test worker] org.hibernate.Version                    : HHH000412: Hibernate ORM core version 5.4.32.Final
2021-08-30 15:17:29.352  INFO 35287 --- [    Test worker] o.hibernate.annotations.common.Version   : HCANN000001: Hibernate Commons Annotations {5.1.2.Final}
2021-08-30 15:17:29.470  INFO 35287 --- [    Test worker] org.hibernate.dialect.Dialect            : HHH000400: Using dialect: org.hibernate.dialect.MySQL8Dialect
2021-08-30 15:17:30.317  INFO 35287 --- [    Test worker] o.h.e.t.j.p.i.JtaPlatformInitiator       : HHH000490: Using JtaPlatform implementation: [org.hibernate.engine.transaction.jta.platform.internal.NoJtaPlatform]
2021-08-30 15:17:30.327  INFO 35287 --- [    Test worker] j.LocalContainerEntityManagerFactoryBean : Initialized JPA EntityManagerFactory for persistence unit 'default'
2021-08-30 15:17:31.251  WARN 35287 --- [    Test worker] JpaBaseConfiguration$JpaWebConfiguration : spring.jpa.open-in-view is enabled by default. Therefore, database queries may be performed during view rendering. Explicitly configure spring.jpa.open-in-view to disable this warning
2021-08-30 15:17:33.263  INFO 35287 --- [    Test worker] c.e.t.repository.BoardRepositoryTest     : Started BoardRepositoryTest in 7.381 seconds (JVM running for 9.234)
Hibernate: insert into board (content, created_at, created_by, registered_at, title, updated_at, updated_by, writer) values (?, ?, ?, ?, ?, ?, ?, ?)
Hibernate: insert into board (content, created_at, created_by, registered_at, title, updated_at, updated_by, writer) values (?, ?, ?, ?, ?, ?, ?, ?)
Hibernate: insert into board (content, created_at, created_by, registered_at, title, updated_at, updated_by, writer) values (?, ?, ?, ?, ?, ?, ?, ?)
Hibernate: insert into board (content, created_at, created_by, registered_at, title, updated_at, updated_by, writer) values (?, ?, ?, ?, ?, ?, ?, ?)
Hibernate: insert into board (content, created_at, created_by, registered_at, title, updated_at, updated_by, writer) values (?, ?, ?, ?, ?, ?, ?, ?)
Hibernate: insert into board (content, created_at, created_by, registered_at, title, updated_at, updated_by, writer) values (?, ?, ?, ?, ?, ?, ?, ?)
Hibernate: insert into board (content, created_at, created_by, registered_at, title, updated_at, updated_by, writer) values (?, ?, ?, ?, ?, ?, ?, ?)
Hibernate: insert into board (content, created_at, created_by, registered_at, title, updated_at, updated_by, writer) values (?, ?, ?, ?, ?, ?, ?, ?)
Hibernate: insert into board (content, created_at, created_by, registered_at, title, updated_at, updated_by, writer) values (?, ?, ?, ?, ?, ?, ?, ?)
Hibernate: insert into board (content, created_at, created_by, registered_at, title, updated_at, updated_by, writer) values (?, ?, ?, ?, ?, ?, ?, ?)
Hibernate: insert into board (content, created_at, created_by, registered_at, title, updated_at, updated_by, writer) values (?, ?, ?, ?, ?, ?, ?, ?)
Hibernate: insert into board (content, created_at, created_by, registered_at, title, updated_at, updated_by, writer) values (?, ?, ?, ?, ?, ?, ?, ?)
Hibernate: insert into board (content, created_at, created_by, registered_at, title, updated_at, updated_by, writer) values (?, ?, ?, ?, ?, ?, ?, ?)
Hibernate: insert into board (content, created_at, created_by, registered_at, title, updated_at, updated_by, writer) values (?, ?, ?, ?, ?, ?, ?, ?)
Hibernate: insert into board (content, created_at, created_by, registered_at, title, updated_at, updated_by, writer) values (?, ?, ?, ?, ?, ?, ?, ?)
Hibernate: insert into board (content, created_at, created_by, registered_at, title, updated_at, updated_by, writer) values (?, ?, ?, ?, ?, ?, ?, ?)
Hibernate: insert into board (content, created_at, created_by, registered_at, title, updated_at, updated_by, writer) values (?, ?, ?, ?, ?, ?, ?, ?)
Hibernate: insert into board (content, created_at, created_by, registered_at, title, updated_at, updated_by, writer) values (?, ?, ?, ?, ?, ?, ?, ?)
Hibernate: insert into board (content, created_at, created_by, registered_at, title, updated_at, updated_by, writer) values (?, ?, ?, ?, ?, ?, ?, ?)
Hibernate: insert into board (content, created_at, created_by, registered_at, title, updated_at, updated_by, writer) values (?, ?, ?, ?, ?, ?, ?, ?)
Hibernate: insert into board (content, created_at, created_by, registered_at, title, updated_at, updated_by, writer) values (?, ?, ?, ?, ?, ?, ?, ?)
Hibernate: insert into board (content, created_at, created_by, registered_at, title, updated_at, updated_by, writer) values (?, ?, ?, ?, ?, ?, ?, ?)
Hibernate: insert into board (content, created_at, created_by, registered_at, title, updated_at, updated_by, writer) values (?, ?, ?, ?, ?, ?, ?, ?)
Hibernate: insert into board (content, created_at, created_by, registered_at, title, updated_at, updated_by, writer) values (?, ?, ?, ?, ?, ?, ?, ?)
Hibernate: insert into board (content, created_at, created_by, registered_at, title, updated_at, updated_by, writer) values (?, ?, ?, ?, ?, ?, ?, ?)
Hibernate: insert into board (content, created_at, created_by, registered_at, title, updated_at, updated_by, writer) values (?, ?, ?, ?, ?, ?, ?, ?)
Hibernate: insert into board (content, created_at, created_by, registered_at, title, updated_at, updated_by, writer) values (?, ?, ?, ?, ?, ?, ?, ?)
Hibernate: insert into board (content, created_at, created_by, registered_at, title, updated_at, updated_by, writer) values (?, ?, ?, ?, ?, ?, ?, ?)
Hibernate: insert into board (content, created_at, created_by, registered_at, title, updated_at, updated_by, writer) values (?, ?, ?, ?, ?, ?, ?, ?)
Hibernate: insert into board (content, created_at, created_by, registered_at, title, updated_at, updated_by, writer) values (?, ?, ?, ?, ?, ?, ?, ?)
Hibernate: insert into board (content, created_at, created_by, registered_at, title, updated_at, updated_by, writer) values (?, ?, ?, ?, ?, ?, ?, ?)
Hibernate: insert into board (content, created_at, created_by, registered_at, title, updated_at, updated_by, writer) values (?, ?, ?, ?, ?, ?, ?, ?)
Hibernate: insert into board (content, created_at, created_by, registered_at, title, updated_at, updated_by, writer) values (?, ?, ?, ?, ?, ?, ?, ?)
Hibernate: insert into board (content, created_at, created_by, registered_at, title, updated_at, updated_by, writer) values (?, ?, ?, ?, ?, ?, ?, ?)
Hibernate: insert into board (content, created_at, created_by, registered_at, title, updated_at, updated_by, writer) values (?, ?, ?, ?, ?, ?, ?, ?)
Hibernate: insert into board (content, created_at, created_by, registered_at, title, updated_at, updated_by, writer) values (?, ?, ?, ?, ?, ?, ?, ?)
Hibernate: insert into board (content, created_at, created_by, registered_at, title, updated_at, updated_by, writer) values (?, ?, ?, ?, ?, ?, ?, ?)
Hibernate: insert into board (content, created_at, created_by, registered_at, title, updated_at, updated_by, writer) values (?, ?, ?, ?, ?, ?, ?, ?)
Hibernate: insert into board (content, created_at, created_by, registered_at, title, updated_at, updated_by, writer) values (?, ?, ?, ?, ?, ?, ?, ?)
Hibernate: insert into board (content, created_at, created_by, registered_at, title, updated_at, updated_by, writer) values (?, ?, ?, ?, ?, ?, ?, ?)
Hibernate: insert into board (content, created_at, created_by, registered_at, title, updated_at, updated_by, writer) values (?, ?, ?, ?, ?, ?, ?, ?)
Hibernate: insert into board (content, created_at, created_by, registered_at, title, updated_at, updated_by, writer) values (?, ?, ?, ?, ?, ?, ?, ?)
Hibernate: insert into board (content, created_at, created_by, registered_at, title, updated_at, updated_by, writer) values (?, ?, ?, ?, ?, ?, ?, ?)
Hibernate: insert into board (content, created_at, created_by, registered_at, title, updated_at, updated_by, writer) values (?, ?, ?, ?, ?, ?, ?, ?)
Hibernate: insert into board (content, created_at, created_by, registered_at, title, updated_at, updated_by, writer) values (?, ?, ?, ?, ?, ?, ?, ?)
Hibernate: insert into board (content, created_at, created_by, registered_at, title, updated_at, updated_by, writer) values (?, ?, ?, ?, ?, ?, ?, ?)
Hibernate: insert into board (content, created_at, created_by, registered_at, title, updated_at, updated_by, writer) values (?, ?, ?, ?, ?, ?, ?, ?)
Hibernate: insert into board (content, created_at, created_by, registered_at, title, updated_at, updated_by, writer) values (?, ?, ?, ?, ?, ?, ?, ?)
Hibernate: insert into board (content, created_at, created_by, registered_at, title, updated_at, updated_by, writer) values (?, ?, ?, ?, ?, ?, ?, ?)
Hibernate: insert into board (content, created_at, created_by, registered_at, title, updated_at, updated_by, writer) values (?, ?, ?, ?, ?, ?, ?, ?)
Hibernate: insert into board (content, created_at, created_by, registered_at, title, updated_at, updated_by, writer) values (?, ?, ?, ?, ?, ?, ?, ?)
Hibernate: insert into board (content, created_at, created_by, registered_at, title, updated_at, updated_by, writer) values (?, ?, ?, ?, ?, ?, ?, ?)
Hibernate: insert into board (content, created_at, created_by, registered_at, title, updated_at, updated_by, writer) values (?, ?, ?, ?, ?, ?, ?, ?)
Hibernate: insert into board (content, created_at, created_by, registered_at, title, updated_at, updated_by, writer) values (?, ?, ?, ?, ?, ?, ?, ?)
Hibernate: insert into board (content, created_at, created_by, registered_at, title, updated_at, updated_by, writer) values (?, ?, ?, ?, ?, ?, ?, ?)
Hibernate: insert into board (content, created_at, created_by, registered_at, title, updated_at, updated_by, writer) values (?, ?, ?, ?, ?, ?, ?, ?)
Hibernate: insert into board (content, created_at, created_by, registered_at, title, updated_at, updated_by, writer) values (?, ?, ?, ?, ?, ?, ?, ?)
Hibernate: insert into board (content, created_at, created_by, registered_at, title, updated_at, updated_by, writer) values (?, ?, ?, ?, ?, ?, ?, ?)
Hibernate: insert into board (content, created_at, created_by, registered_at, title, updated_at, updated_by, writer) values (?, ?, ?, ?, ?, ?, ?, ?)
Hibernate: insert into board (content, created_at, created_by, registered_at, title, updated_at, updated_by, writer) values (?, ?, ?, ?, ?, ?, ?, ?)
Hibernate: insert into board (content, created_at, created_by, registered_at, title, updated_at, updated_by, writer) values (?, ?, ?, ?, ?, ?, ?, ?)
Hibernate: insert into board (content, created_at, created_by, registered_at, title, updated_at, updated_by, writer) values (?, ?, ?, ?, ?, ?, ?, ?)
Hibernate: insert into board (content, created_at, created_by, registered_at, title, updated_at, updated_by, writer) values (?, ?, ?, ?, ?, ?, ?, ?)
Hibernate: insert into board (content, created_at, created_by, registered_at, title, updated_at, updated_by, writer) values (?, ?, ?, ?, ?, ?, ?, ?)
Hibernate: insert into board (content, created_at, created_by, registered_at, title, updated_at, updated_by, writer) values (?, ?, ?, ?, ?, ?, ?, ?)
Hibernate: insert into board (content, created_at, created_by, registered_at, title, updated_at, updated_by, writer) values (?, ?, ?, ?, ?, ?, ?, ?)
Hibernate: insert into board (content, created_at, created_by, registered_at, title, updated_at, updated_by, writer) values (?, ?, ?, ?, ?, ?, ?, ?)
Hibernate: insert into board (content, created_at, created_by, registered_at, title, updated_at, updated_by, writer) values (?, ?, ?, ?, ?, ?, ?, ?)
Hibernate: insert into board (content, created_at, created_by, registered_at, title, updated_at, updated_by, writer) values (?, ?, ?, ?, ?, ?, ?, ?)
Hibernate: insert into board (content, created_at, created_by, registered_at, title, updated_at, updated_by, writer) values (?, ?, ?, ?, ?, ?, ?, ?)
Hibernate: insert into board (content, created_at, created_by, registered_at, title, updated_at, updated_by, writer) values (?, ?, ?, ?, ?, ?, ?, ?)
Hibernate: insert into board (content, created_at, created_by, registered_at, title, updated_at, updated_by, writer) values (?, ?, ?, ?, ?, ?, ?, ?)
Hibernate: insert into board (content, created_at, created_by, registered_at, title, updated_at, updated_by, writer) values (?, ?, ?, ?, ?, ?, ?, ?)
Hibernate: insert into board (content, created_at, created_by, registered_at, title, updated_at, updated_by, writer) values (?, ?, ?, ?, ?, ?, ?, ?)
Hibernate: insert into board (content, created_at, created_by, registered_at, title, updated_at, updated_by, writer) values (?, ?, ?, ?, ?, ?, ?, ?)
Hibernate: insert into board (content, created_at, created_by, registered_at, title, updated_at, updated_by, writer) values (?, ?, ?, ?, ?, ?, ?, ?)
Hibernate: insert into board (content, created_at, created_by, registered_at, title, updated_at, updated_by, writer) values (?, ?, ?, ?, ?, ?, ?, ?)
Hibernate: insert into board (content, created_at, created_by, registered_at, title, updated_at, updated_by, writer) values (?, ?, ?, ?, ?, ?, ?, ?)
Hibernate: insert into board (content, created_at, created_by, registered_at, title, updated_at, updated_by, writer) values (?, ?, ?, ?, ?, ?, ?, ?)
Hibernate: insert into board (content, created_at, created_by, registered_at, title, updated_at, updated_by, writer) values (?, ?, ?, ?, ?, ?, ?, ?)
Hibernate: insert into board (content, created_at, created_by, registered_at, title, updated_at, updated_by, writer) values (?, ?, ?, ?, ?, ?, ?, ?)
Hibernate: insert into board (content, created_at, created_by, registered_at, title, updated_at, updated_by, writer) values (?, ?, ?, ?, ?, ?, ?, ?)
Hibernate: insert into board (content, created_at, created_by, registered_at, title, updated_at, updated_by, writer) values (?, ?, ?, ?, ?, ?, ?, ?)
Hibernate: insert into board (content, created_at, created_by, registered_at, title, updated_at, updated_by, writer) values (?, ?, ?, ?, ?, ?, ?, ?)
Hibernate: insert into board (content, created_at, created_by, registered_at, title, updated_at, updated_by, writer) values (?, ?, ?, ?, ?, ?, ?, ?)
Hibernate: insert into board (content, created_at, created_by, registered_at, title, updated_at, updated_by, writer) values (?, ?, ?, ?, ?, ?, ?, ?)
Hibernate: insert into board (content, created_at, created_by, registered_at, title, updated_at, updated_by, writer) values (?, ?, ?, ?, ?, ?, ?, ?)
Hibernate: insert into board (content, created_at, created_by, registered_at, title, updated_at, updated_by, writer) values (?, ?, ?, ?, ?, ?, ?, ?)
Hibernate: insert into board (content, created_at, created_by, registered_at, title, updated_at, updated_by, writer) values (?, ?, ?, ?, ?, ?, ?, ?)
Hibernate: insert into board (content, created_at, created_by, registered_at, title, updated_at, updated_by, writer) values (?, ?, ?, ?, ?, ?, ?, ?)
Hibernate: insert into board (content, created_at, created_by, registered_at, title, updated_at, updated_by, writer) values (?, ?, ?, ?, ?, ?, ?, ?)
Hibernate: insert into board (content, created_at, created_by, registered_at, title, updated_at, updated_by, writer) values (?, ?, ?, ?, ?, ?, ?, ?)
Hibernate: insert into board (content, created_at, created_by, registered_at, title, updated_at, updated_by, writer) values (?, ?, ?, ?, ?, ?, ?, ?)
Hibernate: insert into board (content, created_at, created_by, registered_at, title, updated_at, updated_by, writer) values (?, ?, ?, ?, ?, ?, ?, ?)
Hibernate: insert into board (content, created_at, created_by, registered_at, title, updated_at, updated_by, writer) values (?, ?, ?, ?, ?, ?, ?, ?)
Hibernate: insert into board (content, created_at, created_by, registered_at, title, updated_at, updated_by, writer) values (?, ?, ?, ?, ?, ?, ?, ?)
Hibernate: insert into board (content, created_at, created_by, registered_at, title, updated_at, updated_by, writer) values (?, ?, ?, ?, ?, ?, ?, ?)
Hibernate: insert into board (content, created_at, created_by, registered_at, title, updated_at, updated_by, writer) values (?, ?, ?, ?, ?, ?, ?, ?)
Hibernate: insert into board (content, created_at, created_by, registered_at, title, updated_at, updated_by, writer) values (?, ?, ?, ?, ?, ?, ?, ?)
Hibernate: insert into board (content, created_at, created_by, registered_at, title, updated_at, updated_by, writer) values (?, ?, ?, ?, ?, ?, ?, ?)
]]></system-out>
  <system-err><![CDATA[]]></system-err>
</testsuite>
